2025-04-01 07:00:05 [main] INFO  c.it.pkj.PartyPayManageApplication - Starting PartyPayManageApplication using Java 17.0.10 with PID 2508 (E:\demo\biye\partyPayManage\target\classes started by Administrator in E:\demo\biye\partyPayManage)
2025-04-01 07:00:05 [main] DEBUG c.it.pkj.PartyPayManageApplication - Running with Spring Boot v3.0.2, Spring v6.0.4
2025-04-01 07:00:05 [main] INFO  c.it.pkj.PartyPayManageApplication - No active profile set, falling back to 1 default profile: "default"
2025-04-01 07:00:06 [main] INFO  o.s.d.r.c.RepositoryConfigurationDelegate - Multiple Spring Data modules found, entering strict repository configuration mode
2025-04-01 07:00:06 [main] INFO  o.s.d.r.c.RepositoryConfigurationDelegate - Bootstrapping Spring Data JPA repositories in DEFAULT mode.
2025-04-01 07:00:06 [main] INFO  o.s.d.r.c.RepositoryConfigurationDelegate - Finished Spring Data repository scanning in 10 ms. Found 0 JPA repository interfaces.
2025-04-01 07:00:06 [main] INFO  o.s.d.r.c.RepositoryConfigurationDelegate - Multiple Spring Data modules found, entering strict repository configuration mode
2025-04-01 07:00:06 [main] INFO  o.s.d.r.c.RepositoryConfigurationDelegate - Bootstrapping Spring Data Redis repositories in DEFAULT mode.
2025-04-01 07:00:06 [main] INFO  o.s.d.r.c.RepositoryConfigurationDelegate - Finished Spring Data repository scanning in 2 ms. Found 0 Redis repository interfaces.
2025-04-01 07:00:06 [main] INFO  o.s.b.w.e.tomcat.TomcatWebServer - Tomcat initialized with port(s): 8000 (http)
2025-04-01 07:00:06 [main] INFO  o.a.coyote.http11.Http11NioProtocol - Initializing ProtocolHandler ["http-nio-8000"]
2025-04-01 07:00:06 [main] INFO  o.a.catalina.core.StandardService - Starting service [Tomcat]
2025-04-01 07:00:06 [main] INFO  o.a.catalina.core.StandardEngine - Starting Servlet engine: [Apache Tomcat/10.1.5]
2025-04-01 07:00:06 [main] INFO  o.a.c.c.C.[Tomcat].[localhost].[/] - Initializing Spring embedded WebApplicationContext
2025-04-01 07:00:06 [main] INFO  o.s.b.w.s.c.ServletWebServerApplicationContext - Root WebApplicationContext: initialization completed in 776 ms
2025-04-01 07:00:06 [main] INFO  o.h.jpa.internal.util.LogHelper - HHH000204: Processing PersistenceUnitInfo [name: default]
2025-04-01 07:00:06 [main] INFO  org.hibernate.Version - HHH000412: Hibernate ORM core version 6.1.6.Final
2025-04-01 07:00:06 [main] WARN  org.hibernate.orm.deprecation - HHH90000021: Encountered deprecated setting [javax.persistence.sharedCache.mode], use [jakarta.persistence.sharedCache.mode] instead
2025-04-01 07:00:06 [main] INFO  com.zaxxer.hikari.HikariDataSource - HikariPool-1 - Starting...
2025-04-01 07:00:07 [main] INFO  com.zaxxer.hikari.pool.HikariPool - HikariPool-1 - Added connection com.mysql.cj.jdbc.ConnectionImpl@35b3c1f6
2025-04-01 07:00:07 [main] INFO  com.zaxxer.hikari.HikariDataSource - HikariPool-1 - Start completed.
2025-04-01 07:00:07 [main] INFO  SQL dialect - HHH000400: Using dialect: org.hibernate.dialect.MySQLDialect
2025-04-01 07:00:07 [main] INFO  o.h.e.t.j.p.i.JtaPlatformInitiator - HHH000490: Using JtaPlatform implementation: [org.hibernate.engine.transaction.jta.platform.internal.NoJtaPlatform]
2025-04-01 07:00:07 [main] INFO  o.s.o.j.LocalContainerEntityManagerFactoryBean - Initialized JPA EntityManagerFactory for persistence unit 'default'
2025-04-01 07:00:07 [main] WARN  o.s.b.a.o.j.JpaBaseConfiguration$JpaWebConfiguration - spring.jpa.open-in-view is enabled by default. Therefore, database queries may be performed during view rendering. Explicitly configure spring.jpa.open-in-view to disable this warning
2025-04-01 07:00:07 [main] INFO  o.s.b.a.w.s.WelcomePageHandlerMapping - Adding welcome page: class path resource [static/index.html]
2025-04-01 07:00:07 [main] INFO  o.a.coyote.http11.Http11NioProtocol - Starting ProtocolHandler ["http-nio-8000"]
2025-04-01 07:00:07 [main] INFO  o.s.b.w.e.tomcat.TomcatWebServer - Tomcat started on port(s): 8000 (http) with context path ''
2025-04-01 07:00:07 [main] INFO  c.it.pkj.PartyPayManageApplication - Started PartyPayManageApplication in 2.3 seconds (process running for 2.813)
2025-04-01 07:00:46 [http-nio-8000-exec-1] INFO  o.a.c.c.C.[Tomcat].[localhost].[/] - Initializing Spring DispatcherServlet 'dispatcherServlet'
2025-04-01 07:00:46 [http-nio-8000-exec-1] INFO  o.s.web.servlet.DispatcherServlet - Initializing Servlet 'dispatcherServlet'
2025-04-01 07:00:46 [http-nio-8000-exec-1] INFO  o.s.web.servlet.DispatcherServlet - Completed initialization in 1 ms
2025-04-01 07:00:52 [http-nio-8000-exec-3] DEBUG c.i.p.m.SystemUserMapper.selectList - ==>  Preparing: SELECT id,username,password,user_type,member_id FROM system_user WHERE (username = ?)
2025-04-01 07:00:52 [http-nio-8000-exec-3] DEBUG c.i.p.m.SystemUserMapper.selectList - ==> Parameters: dengjie(String)
2025-04-01 07:00:52 [http-nio-8000-exec-3] DEBUG c.i.p.m.SystemUserMapper.selectList - <==      Total: 1
2025-04-01 07:00:54 [http-nio-8000-exec-4] WARN  o.s.c.LocalVariableTableParameterNameDiscoverer - Using deprecated '-debug' fallback for parameter name resolution. Compile the affected code with '-parameters' instead or avoid its introspection: com.it.pkj.controller.PartyMemberController
2025-04-01 07:00:54 [http-nio-8000-exec-4] DEBUG c.i.p.m.P.selectPartyMembersWithProvince_mpCount - ==>  Preparing: SELECT COUNT(*) AS total FROM party_member pm
2025-04-01 07:00:54 [http-nio-8000-exec-4] DEBUG c.i.p.m.P.selectPartyMembersWithProvince_mpCount - ==> Parameters: 
2025-04-01 07:00:54 [http-nio-8000-exec-4] DEBUG c.i.p.m.P.selectPartyMembersWithProvince_mpCount - <==      Total: 1
2025-04-01 07:00:54 [http-nio-8000-exec-4] DEBUG c.i.p.m.P.selectPartyMembersWithProvince - ==>  Preparing: SELECT pm.id, pm.name, pm.gender, pm.age, pm.join_party_time, pm.phone, pm.email, pm.organization_type, p.province_name FROM party_member pm LEFT JOIN province p ON pm.province_id = p.id LIMIT ?
2025-04-01 07:00:54 [http-nio-8000-exec-4] DEBUG c.i.p.m.P.selectPartyMembersWithProvince - ==> Parameters: 10(Long)
2025-04-01 07:00:54 [http-nio-8000-exec-4] DEBUG c.i.p.m.P.selectPartyMembersWithProvince - <==      Total: 1
2025-04-01 07:01:27 [http-nio-8000-exec-5] DEBUG c.i.p.m.PartyMemberMapper.insert - ==>  Preparing: INSERT INTO party_member ( name, gender, age, join_party_time, phone, email, organization_type ) VALUES ( ?, ?, ?, ?, ?, ?, ? )
2025-04-01 07:01:27 [http-nio-8000-exec-5] DEBUG c.i.p.m.PartyMemberMapper.insert - ==> Parameters: 李四(String), 男(String), 20(Integer), 2025-04-08 08:00:00.0(Timestamp), 18173550096(String), 1948457833@qq.com(String), 党支部(String)
2025-04-01 07:01:27 [http-nio-8000-exec-6] DEBUG c.i.p.m.P.selectPartyMembersWithProvince_mpCount - ==>  Preparing: SELECT COUNT(*) AS total FROM party_member pm
2025-04-01 07:01:27 [http-nio-8000-exec-6] DEBUG c.i.p.m.P.selectPartyMembersWithProvince_mpCount - ==> Parameters: 
2025-04-01 07:01:27 [http-nio-8000-exec-6] DEBUG c.i.p.m.P.selectPartyMembersWithProvince_mpCount - <==      Total: 1
2025-04-01 07:01:27 [http-nio-8000-exec-6] DEBUG c.i.p.m.P.selectPartyMembersWithProvince - ==>  Preparing: SELECT pm.id, pm.name, pm.gender, pm.age, pm.join_party_time, pm.phone, pm.email, pm.organization_type, p.province_name FROM party_member pm LEFT JOIN province p ON pm.province_id = p.id LIMIT ?
2025-04-01 07:01:27 [http-nio-8000-exec-6] DEBUG c.i.p.m.P.selectPartyMembersWithProvince - ==> Parameters: 10(Long)
2025-04-01 07:01:27 [http-nio-8000-exec-6] DEBUG c.i.p.m.P.selectPartyMembersWithProvince - <==      Total: 1
2025-04-01 07:02:39 [http-nio-8000-exec-8] DEBUG c.i.p.m.P.selectPartyMembersWithProvince_mpCount - ==>  Preparing: SELECT COUNT(*) AS total FROM party_member pm
2025-04-01 07:02:39 [http-nio-8000-exec-8] DEBUG c.i.p.m.P.selectPartyMembersWithProvince_mpCount - ==> Parameters: 
2025-04-01 07:02:39 [http-nio-8000-exec-8] DEBUG c.i.p.m.P.selectPartyMembersWithProvince_mpCount - <==      Total: 1
2025-04-01 07:02:39 [http-nio-8000-exec-8] DEBUG c.i.p.m.P.selectPartyMembersWithProvince - ==>  Preparing: SELECT pm.id, pm.name, pm.gender, pm.age, pm.join_party_time, pm.phone, pm.email, pm.organization_type, p.province_name FROM party_member pm LEFT JOIN province p ON pm.province_id = p.id LIMIT ?
2025-04-01 07:02:39 [http-nio-8000-exec-8] DEBUG c.i.p.m.P.selectPartyMembersWithProvince - ==> Parameters: 10(Long)
2025-04-01 07:02:39 [http-nio-8000-exec-8] DEBUG c.i.p.m.P.selectPartyMembersWithProvince - <==      Total: 1
2025-04-01 07:03:11 [http-nio-8000-exec-9] DEBUG c.i.p.m.PartyMemberMapper.insert - ==>  Preparing: INSERT INTO party_member ( name, gender, age, join_party_time, phone, email, organization_type ) VALUES ( ?, ?, ?, ?, ?, ?, ? )
2025-04-01 07:03:12 [http-nio-8000-exec-9] DEBUG c.i.p.m.PartyMemberMapper.insert - ==> Parameters: 李四(String), 男(String), 19(Integer), 2025-04-01 08:00:00.0(Timestamp), 18173550096(String), 1948457833@qq.com(String), 党支部(String)
2025-04-01 07:03:12 [http-nio-8000-exec-7] DEBUG c.i.p.m.P.selectPartyMembersWithProvince_mpCount - ==>  Preparing: SELECT COUNT(*) AS total FROM party_member pm
2025-04-01 07:03:12 [http-nio-8000-exec-7] DEBUG c.i.p.m.P.selectPartyMembersWithProvince_mpCount - ==> Parameters: 
2025-04-01 07:03:12 [http-nio-8000-exec-7] DEBUG c.i.p.m.P.selectPartyMembersWithProvince_mpCount - <==      Total: 1
2025-04-01 07:03:12 [http-nio-8000-exec-7] DEBUG c.i.p.m.P.selectPartyMembersWithProvince - ==>  Preparing: SELECT pm.id, pm.name, pm.gender, pm.age, pm.join_party_time, pm.phone, pm.email, pm.organization_type, p.province_name FROM party_member pm LEFT JOIN province p ON pm.province_id = p.id LIMIT ?
2025-04-01 07:03:12 [http-nio-8000-exec-7] DEBUG c.i.p.m.P.selectPartyMembersWithProvince - ==> Parameters: 10(Long)
2025-04-01 07:03:12 [http-nio-8000-exec-7] DEBUG c.i.p.m.P.selectPartyMembersWithProvince - <==      Total: 1
2025-04-01 07:03:33 [http-nio-8000-exec-10] DEBUG c.i.p.m.P.selectPartyMembersWithProvince_mpCount - ==>  Preparing: SELECT COUNT(*) AS total FROM party_member pm
2025-04-01 07:03:33 [http-nio-8000-exec-10] DEBUG c.i.p.m.P.selectPartyMembersWithProvince_mpCount - ==> Parameters: 
2025-04-01 07:03:33 [http-nio-8000-exec-10] DEBUG c.i.p.m.P.selectPartyMembersWithProvince_mpCount - <==      Total: 1
2025-04-01 07:03:33 [http-nio-8000-exec-10] DEBUG c.i.p.m.P.selectPartyMembersWithProvince - ==>  Preparing: SELECT pm.id, pm.name, pm.gender, pm.age, pm.join_party_time, pm.phone, pm.email, pm.organization_type, p.province_name FROM party_member pm LEFT JOIN province p ON pm.province_id = p.id LIMIT ?
2025-04-01 07:03:33 [http-nio-8000-exec-10] DEBUG c.i.p.m.P.selectPartyMembersWithProvince - ==> Parameters: 10(Long)
2025-04-01 07:03:33 [http-nio-8000-exec-10] DEBUG c.i.p.m.P.selectPartyMembersWithProvince - <==      Total: 1
2025-04-01 07:03:56 [http-nio-8000-exec-1] DEBUG c.i.p.m.PartyMemberMapper.insert - ==>  Preparing: INSERT INTO party_member ( name, gender, age, join_party_time, phone, email, organization_type ) VALUES ( ?, ?, ?, ?, ?, ?, ? )
2025-04-01 07:03:56 [http-nio-8000-exec-1] DEBUG c.i.p.m.PartyMemberMapper.insert - ==> Parameters: 李四(String), 男(String), 18(Integer), 2025-04-06 08:00:00.0(Timestamp), 18173550096(String), 1948457833@qq.com(String), 党支部(String)
2025-04-01 07:03:57 [http-nio-8000-exec-2] DEBUG c.i.p.m.P.selectPartyMembersWithProvince_mpCount - ==>  Preparing: SELECT COUNT(*) AS total FROM party_member pm
2025-04-01 07:03:57 [http-nio-8000-exec-2] DEBUG c.i.p.m.P.selectPartyMembersWithProvince_mpCount - ==> Parameters: 
2025-04-01 07:03:57 [http-nio-8000-exec-2] DEBUG c.i.p.m.P.selectPartyMembersWithProvince_mpCount - <==      Total: 1
2025-04-01 07:03:57 [http-nio-8000-exec-2] DEBUG c.i.p.m.P.selectPartyMembersWithProvince - ==>  Preparing: SELECT pm.id, pm.name, pm.gender, pm.age, pm.join_party_time, pm.phone, pm.email, pm.organization_type, p.province_name FROM party_member pm LEFT JOIN province p ON pm.province_id = p.id LIMIT ?
2025-04-01 07:03:57 [http-nio-8000-exec-2] DEBUG c.i.p.m.P.selectPartyMembersWithProvince - ==> Parameters: 10(Long)
2025-04-01 07:03:57 [http-nio-8000-exec-2] DEBUG c.i.p.m.P.selectPartyMembersWithProvince - <==      Total: 1
2025-04-01 07:05:31 [http-nio-8000-exec-3] DEBUG c.i.p.m.P.selectPartyMembersWithProvince_mpCount - ==>  Preparing: SELECT COUNT(*) AS total FROM party_member pm
2025-04-01 07:05:31 [http-nio-8000-exec-3] DEBUG c.i.p.m.P.selectPartyMembersWithProvince_mpCount - ==> Parameters: 
2025-04-01 07:05:31 [http-nio-8000-exec-3] DEBUG c.i.p.m.P.selectPartyMembersWithProvince_mpCount - <==      Total: 1
2025-04-01 07:05:31 [http-nio-8000-exec-3] DEBUG c.i.p.m.P.selectPartyMembersWithProvince - ==>  Preparing: SELECT pm.id, pm.name, pm.gender, pm.age, pm.join_party_time, pm.phone, pm.email, pm.organization_type, p.province_name FROM party_member pm LEFT JOIN province p ON pm.province_id = p.id LIMIT ?
2025-04-01 07:05:31 [http-nio-8000-exec-3] DEBUG c.i.p.m.P.selectPartyMembersWithProvince - ==> Parameters: 10(Long)
2025-04-01 07:05:31 [http-nio-8000-exec-3] DEBUG c.i.p.m.P.selectPartyMembersWithProvince - <==      Total: 1
2025-04-01 07:09:42 [SpringApplicationShutdownHook] INFO  o.s.o.j.LocalContainerEntityManagerFactoryBean - Closing JPA EntityManagerFactory for persistence unit 'default'
2025-04-01 07:09:42 [SpringApplicationShutdownHook] INFO  com.zaxxer.hikari.HikariDataSource - HikariPool-1 - Shutdown initiated...
2025-04-01 07:09:42 [SpringApplicationShutdownHook] INFO  com.zaxxer.hikari.HikariDataSource - HikariPool-1 - Shutdown completed.
2025-04-01 07:09:44 [main] INFO  c.it.pkj.PartyPayManageApplication - Starting PartyPayManageApplication using Java 17.0.10 with PID 38516 (E:\demo\biye\partyPayManage\target\classes started by Administrator in E:\demo\biye\partyPayManage)
2025-04-01 07:09:44 [main] DEBUG c.it.pkj.PartyPayManageApplication - Running with Spring Boot v3.0.2, Spring v6.0.4
2025-04-01 07:09:44 [main] INFO  c.it.pkj.PartyPayManageApplication - No active profile set, falling back to 1 default profile: "default"
2025-04-01 07:09:45 [main] INFO  o.s.d.r.c.RepositoryConfigurationDelegate - Multiple Spring Data modules found, entering strict repository configuration mode
2025-04-01 07:09:45 [main] INFO  o.s.d.r.c.RepositoryConfigurationDelegate - Bootstrapping Spring Data JPA repositories in DEFAULT mode.
2025-04-01 07:09:45 [main] INFO  o.s.d.r.c.RepositoryConfigurationDelegate - Finished Spring Data repository scanning in 8 ms. Found 0 JPA repository interfaces.
2025-04-01 07:09:45 [main] INFO  o.s.d.r.c.RepositoryConfigurationDelegate - Multiple Spring Data modules found, entering strict repository configuration mode
2025-04-01 07:09:45 [main] INFO  o.s.d.r.c.RepositoryConfigurationDelegate - Bootstrapping Spring Data Redis repositories in DEFAULT mode.
2025-04-01 07:09:45 [main] INFO  o.s.d.r.c.RepositoryConfigurationDelegate - Finished Spring Data repository scanning in 2 ms. Found 0 Redis repository interfaces.
2025-04-01 07:09:45 [main] INFO  o.s.b.w.e.tomcat.TomcatWebServer - Tomcat initialized with port(s): 8000 (http)
2025-04-01 07:09:45 [main] INFO  o.a.coyote.http11.Http11NioProtocol - Initializing ProtocolHandler ["http-nio-8000"]
2025-04-01 07:09:45 [main] INFO  o.a.catalina.core.StandardService - Starting service [Tomcat]
2025-04-01 07:09:45 [main] INFO  o.a.catalina.core.StandardEngine - Starting Servlet engine: [Apache Tomcat/10.1.5]
2025-04-01 07:09:45 [main] INFO  o.a.c.c.C.[Tomcat].[localhost].[/] - Initializing Spring embedded WebApplicationContext
2025-04-01 07:09:45 [main] INFO  o.s.b.w.s.c.ServletWebServerApplicationContext - Root WebApplicationContext: initialization completed in 629 ms
2025-04-01 07:09:45 [main] INFO  o.h.jpa.internal.util.LogHelper - HHH000204: Processing PersistenceUnitInfo [name: default]
2025-04-01 07:09:45 [main] INFO  org.hibernate.Version - HHH000412: Hibernate ORM core version 6.1.6.Final
2025-04-01 07:09:45 [main] WARN  org.hibernate.orm.deprecation - HHH90000021: Encountered deprecated setting [javax.persistence.sharedCache.mode], use [jakarta.persistence.sharedCache.mode] instead
2025-04-01 07:09:45 [main] INFO  com.zaxxer.hikari.HikariDataSource - HikariPool-1 - Starting...
2025-04-01 07:09:45 [main] INFO  com.zaxxer.hikari.pool.HikariPool - HikariPool-1 - Added connection com.mysql.cj.jdbc.ConnectionImpl@7c0e4e4e
2025-04-01 07:09:45 [main] INFO  com.zaxxer.hikari.HikariDataSource - HikariPool-1 - Start completed.
2025-04-01 07:09:45 [main] INFO  SQL dialect - HHH000400: Using dialect: org.hibernate.dialect.MySQLDialect
2025-04-01 07:09:45 [main] INFO  o.h.e.t.j.p.i.JtaPlatformInitiator - HHH000490: Using JtaPlatform implementation: [org.hibernate.engine.transaction.jta.platform.internal.NoJtaPlatform]
2025-04-01 07:09:45 [main] INFO  o.s.o.j.LocalContainerEntityManagerFactoryBean - Initialized JPA EntityManagerFactory for persistence unit 'default'
2025-04-01 07:09:46 [main] WARN  o.s.b.a.o.j.JpaBaseConfiguration$JpaWebConfiguration - spring.jpa.open-in-view is enabled by default. Therefore, database queries may be performed during view rendering. Explicitly configure spring.jpa.open-in-view to disable this warning
2025-04-01 07:09:46 [main] INFO  o.s.b.a.w.s.WelcomePageHandlerMapping - Adding welcome page: class path resource [static/index.html]
2025-04-01 07:09:46 [main] INFO  o.a.coyote.http11.Http11NioProtocol - Starting ProtocolHandler ["http-nio-8000"]
2025-04-01 07:09:46 [main] INFO  o.s.b.w.e.tomcat.TomcatWebServer - Tomcat started on port(s): 8000 (http) with context path ''
2025-04-01 07:09:46 [main] INFO  c.it.pkj.PartyPayManageApplication - Started PartyPayManageApplication in 1.858 seconds (process running for 2.25)
2025-04-01 07:10:19 [http-nio-8000-exec-1] INFO  o.a.c.c.C.[Tomcat].[localhost].[/] - Initializing Spring DispatcherServlet 'dispatcherServlet'
2025-04-01 07:10:19 [http-nio-8000-exec-1] INFO  o.s.web.servlet.DispatcherServlet - Initializing Servlet 'dispatcherServlet'
2025-04-01 07:10:19 [http-nio-8000-exec-1] INFO  o.s.web.servlet.DispatcherServlet - Completed initialization in 1 ms
2025-04-01 07:10:19 [http-nio-8000-exec-1] WARN  o.s.c.LocalVariableTableParameterNameDiscoverer - Using deprecated '-debug' fallback for parameter name resolution. Compile the affected code with '-parameters' instead or avoid its introspection: com.it.pkj.controller.PartyMemberController
2025-04-01 07:10:19 [http-nio-8000-exec-1] DEBUG c.i.p.m.P.selectPartyMembersWithProvince_mpCount - ==>  Preparing: SELECT COUNT(*) AS total FROM party_member pm
2025-04-01 07:10:19 [http-nio-8000-exec-1] DEBUG c.i.p.m.P.selectPartyMembersWithProvince_mpCount - ==> Parameters: 
2025-04-01 07:10:19 [http-nio-8000-exec-1] DEBUG c.i.p.m.P.selectPartyMembersWithProvince_mpCount - <==      Total: 1
2025-04-01 07:10:19 [http-nio-8000-exec-1] DEBUG c.i.p.m.P.selectPartyMembersWithProvince - ==>  Preparing: SELECT pm.id, pm.name, pm.gender, pm.age, pm.join_party_time, pm.phone, pm.email, pm.organization_type, p.province_name FROM party_member pm LEFT JOIN province p ON pm.province_id = p.id LIMIT ?
2025-04-01 07:10:19 [http-nio-8000-exec-1] DEBUG c.i.p.m.P.selectPartyMembersWithProvince - ==> Parameters: 10(Long)
2025-04-01 07:10:19 [http-nio-8000-exec-1] DEBUG c.i.p.m.P.selectPartyMembersWithProvince - <==      Total: 1
2025-04-01 07:10:19 [http-nio-8000-exec-2] DEBUG c.i.p.m.P.selectPartyMembersWithProvince_mpCount - ==>  Preparing: SELECT COUNT(*) AS total FROM party_member pm
2025-04-01 07:10:19 [http-nio-8000-exec-2] DEBUG c.i.p.m.P.selectPartyMembersWithProvince_mpCount - ==> Parameters: 
2025-04-01 07:10:19 [http-nio-8000-exec-2] DEBUG c.i.p.m.P.selectPartyMembersWithProvince_mpCount - <==      Total: 1
2025-04-01 07:10:19 [http-nio-8000-exec-2] DEBUG c.i.p.m.P.selectPartyMembersWithProvince - ==>  Preparing: SELECT pm.id, pm.name, pm.gender, pm.age, pm.join_party_time, pm.phone, pm.email, pm.organization_type, p.province_name FROM party_member pm LEFT JOIN province p ON pm.province_id = p.id LIMIT ?
2025-04-01 07:10:19 [http-nio-8000-exec-2] DEBUG c.i.p.m.P.selectPartyMembersWithProvince - ==> Parameters: 10(Long)
2025-04-01 07:10:19 [http-nio-8000-exec-2] DEBUG c.i.p.m.P.selectPartyMembersWithProvince - <==      Total: 1
2025-04-01 07:12:46 [http-nio-8000-exec-3] DEBUG c.i.p.m.P.selectPartyMembersWithProvince_mpCount - ==>  Preparing: SELECT COUNT(*) AS total FROM party_member pm
2025-04-01 07:12:46 [http-nio-8000-exec-3] DEBUG c.i.p.m.P.selectPartyMembersWithProvince_mpCount - ==> Parameters: 
2025-04-01 07:12:46 [http-nio-8000-exec-3] DEBUG c.i.p.m.P.selectPartyMembersWithProvince_mpCount - <==      Total: 1
2025-04-01 07:12:46 [http-nio-8000-exec-3] DEBUG c.i.p.m.P.selectPartyMembersWithProvince - ==>  Preparing: SELECT pm.id, pm.name, pm.gender, pm.age, pm.join_party_time, pm.phone, pm.email, pm.organization_type, p.province_name FROM party_member pm LEFT JOIN province p ON pm.province_id = p.id LIMIT ?
2025-04-01 07:12:46 [http-nio-8000-exec-3] DEBUG c.i.p.m.P.selectPartyMembersWithProvince - ==> Parameters: 10(Long)
2025-04-01 07:12:46 [http-nio-8000-exec-3] DEBUG c.i.p.m.P.selectPartyMembersWithProvince - <==      Total: 1
2025-04-01 07:12:46 [http-nio-8000-exec-4] DEBUG c.i.p.m.ProvinceMapper.selectList - ==>  Preparing: SELECT id,province_name FROM province
2025-04-01 07:12:46 [http-nio-8000-exec-4] DEBUG c.i.p.m.ProvinceMapper.selectList - ==> Parameters: 
2025-04-01 07:12:46 [http-nio-8000-exec-4] DEBUG c.i.p.m.ProvinceMapper.selectList - <==      Total: 34
2025-04-01 07:15:20 [http-nio-8000-exec-5] DEBUG c.i.p.m.PartyMemberMapper.insert - ==>  Preparing: INSERT INTO party_member ( name, gender, age, join_party_time, province_id, phone, email, organization_type ) VALUES ( ?, ?, ?, ?, ?, ?, ?, ? )
2025-04-01 07:15:20 [http-nio-8000-exec-5] DEBUG c.i.p.m.PartyMemberMapper.insert - ==> Parameters: 李四(String), 男(String), 18(Integer), 2025-04-10 08:00:00.0(Timestamp), 28(Integer), 18173550096(String), 1948457833@qq.com(String), 党支部(String)
2025-04-01 07:15:20 [http-nio-8000-exec-5] DEBUG c.i.p.m.PartyMemberMapper.insert - <==    Updates: 1
2025-04-01 07:15:20 [http-nio-8000-exec-6] DEBUG c.i.p.m.P.selectPartyMembersWithProvince_mpCount - ==>  Preparing: SELECT COUNT(*) AS total FROM party_member pm
2025-04-01 07:15:20 [http-nio-8000-exec-6] DEBUG c.i.p.m.P.selectPartyMembersWithProvince_mpCount - ==> Parameters: 
2025-04-01 07:15:20 [http-nio-8000-exec-6] DEBUG c.i.p.m.P.selectPartyMembersWithProvince_mpCount - <==      Total: 1
2025-04-01 07:15:20 [http-nio-8000-exec-6] DEBUG c.i.p.m.P.selectPartyMembersWithProvince - ==>  Preparing: SELECT pm.id, pm.name, pm.gender, pm.age, pm.join_party_time, pm.phone, pm.email, pm.organization_type, p.province_name FROM party_member pm LEFT JOIN province p ON pm.province_id = p.id LIMIT ?
2025-04-01 07:15:20 [http-nio-8000-exec-6] DEBUG c.i.p.m.P.selectPartyMembersWithProvince - ==> Parameters: 10(Long)
2025-04-01 07:15:20 [http-nio-8000-exec-6] DEBUG c.i.p.m.P.selectPartyMembersWithProvince - <==      Total: 2
2025-04-01 07:15:46 [http-nio-8000-exec-7] DEBUG c.i.p.m.P.selectPartyMembersWithProvince_mpCount - ==>  Preparing: SELECT COUNT(*) AS total FROM party_member pm
2025-04-01 07:15:46 [http-nio-8000-exec-7] DEBUG c.i.p.m.P.selectPartyMembersWithProvince_mpCount - ==> Parameters: 
2025-04-01 07:15:46 [http-nio-8000-exec-7] DEBUG c.i.p.m.P.selectPartyMembersWithProvince_mpCount - <==      Total: 1
2025-04-01 07:15:46 [http-nio-8000-exec-7] DEBUG c.i.p.m.P.selectPartyMembersWithProvince - ==>  Preparing: SELECT pm.id, pm.name, pm.gender, pm.age, pm.join_party_time, pm.phone, pm.email, pm.organization_type, p.province_name FROM party_member pm LEFT JOIN province p ON pm.province_id = p.id LIMIT ?
2025-04-01 07:15:46 [http-nio-8000-exec-7] DEBUG c.i.p.m.P.selectPartyMembersWithProvince - ==> Parameters: 10(Long)
2025-04-01 07:15:46 [http-nio-8000-exec-7] DEBUG c.i.p.m.P.selectPartyMembersWithProvince - <==      Total: 2
2025-04-01 07:15:46 [http-nio-8000-exec-8] DEBUG c.i.p.m.ProvinceMapper.selectList - ==>  Preparing: SELECT id,province_name FROM province
2025-04-01 07:15:46 [http-nio-8000-exec-8] DEBUG c.i.p.m.ProvinceMapper.selectList - ==> Parameters: 
2025-04-01 07:15:46 [http-nio-8000-exec-8] DEBUG c.i.p.m.ProvinceMapper.selectList - <==      Total: 34
2025-04-01 07:40:58 [SpringApplicationShutdownHook] INFO  o.s.o.j.LocalContainerEntityManagerFactoryBean - Closing JPA EntityManagerFactory for persistence unit 'default'
2025-04-01 07:40:58 [SpringApplicationShutdownHook] INFO  com.zaxxer.hikari.HikariDataSource - HikariPool-1 - Shutdown initiated...
2025-04-01 07:40:58 [SpringApplicationShutdownHook] INFO  com.zaxxer.hikari.HikariDataSource - HikariPool-1 - Shutdown completed.
2025-04-01 21:29:12 [main] INFO  c.it.pkj.PartyPayManageApplication - Starting PartyPayManageApplication using Java 17.0.10 with PID 22924 (E:\demo\biye\partyPayManage\target\classes started by Administrator in E:\demo\biye\partyPayManage)
2025-04-01 21:29:12 [main] DEBUG c.it.pkj.PartyPayManageApplication - Running with Spring Boot v3.0.2, Spring v6.0.4
2025-04-01 21:29:12 [main] INFO  c.it.pkj.PartyPayManageApplication - No active profile set, falling back to 1 default profile: "default"
2025-04-01 21:29:12 [main] INFO  o.s.d.r.c.RepositoryConfigurationDelegate - Multiple Spring Data modules found, entering strict repository configuration mode
2025-04-01 21:29:12 [main] INFO  o.s.d.r.c.RepositoryConfigurationDelegate - Bootstrapping Spring Data JPA repositories in DEFAULT mode.
2025-04-01 21:29:12 [main] INFO  o.s.d.r.c.RepositoryConfigurationDelegate - Finished Spring Data repository scanning in 16 ms. Found 0 JPA repository interfaces.
2025-04-01 21:29:12 [main] INFO  o.s.d.r.c.RepositoryConfigurationDelegate - Multiple Spring Data modules found, entering strict repository configuration mode
2025-04-01 21:29:12 [main] INFO  o.s.d.r.c.RepositoryConfigurationDelegate - Bootstrapping Spring Data Redis repositories in DEFAULT mode.
2025-04-01 21:29:12 [main] INFO  o.s.d.r.c.RepositoryConfigurationDelegate - Finished Spring Data repository scanning in 3 ms. Found 0 Redis repository interfaces.
2025-04-01 21:29:12 [main] INFO  o.s.b.w.e.tomcat.TomcatWebServer - Tomcat initialized with port(s): 8000 (http)
2025-04-01 21:29:13 [main] INFO  o.a.coyote.http11.Http11NioProtocol - Initializing ProtocolHandler ["http-nio-8000"]
2025-04-01 21:29:13 [main] INFO  o.a.catalina.core.StandardService - Starting service [Tomcat]
2025-04-01 21:29:13 [main] INFO  o.a.catalina.core.StandardEngine - Starting Servlet engine: [Apache Tomcat/10.1.5]
2025-04-01 21:29:13 [main] INFO  o.a.c.c.C.[Tomcat].[localhost].[/] - Initializing Spring embedded WebApplicationContext
2025-04-01 21:29:13 [main] INFO  o.s.b.w.s.c.ServletWebServerApplicationContext - Root WebApplicationContext: initialization completed in 932 ms
2025-04-01 21:29:13 [main] INFO  o.h.jpa.internal.util.LogHelper - HHH000204: Processing PersistenceUnitInfo [name: default]
2025-04-01 21:29:13 [main] INFO  org.hibernate.Version - HHH000412: Hibernate ORM core version 6.1.6.Final
2025-04-01 21:29:13 [main] WARN  org.hibernate.orm.deprecation - HHH90000021: Encountered deprecated setting [javax.persistence.sharedCache.mode], use [jakarta.persistence.sharedCache.mode] instead
2025-04-01 21:29:13 [main] INFO  com.zaxxer.hikari.HikariDataSource - HikariPool-1 - Starting...
2025-04-01 21:29:13 [main] INFO  com.zaxxer.hikari.pool.HikariPool - HikariPool-1 - Added connection com.mysql.cj.jdbc.ConnectionImpl@30fa8a6b
2025-04-01 21:29:13 [main] INFO  com.zaxxer.hikari.HikariDataSource - HikariPool-1 - Start completed.
2025-04-01 21:29:13 [main] INFO  SQL dialect - HHH000400: Using dialect: org.hibernate.dialect.MySQLDialect
2025-04-01 21:29:13 [main] INFO  o.h.e.t.j.p.i.JtaPlatformInitiator - HHH000490: Using JtaPlatform implementation: [org.hibernate.engine.transaction.jta.platform.internal.NoJtaPlatform]
2025-04-01 21:29:13 [main] INFO  o.s.o.j.LocalContainerEntityManagerFactoryBean - Initialized JPA EntityManagerFactory for persistence unit 'default'
2025-04-01 21:29:14 [main] WARN  o.s.b.a.o.j.JpaBaseConfiguration$JpaWebConfiguration - spring.jpa.open-in-view is enabled by default. Therefore, database queries may be performed during view rendering. Explicitly configure spring.jpa.open-in-view to disable this warning
2025-04-01 21:29:14 [main] INFO  o.s.b.a.w.s.WelcomePageHandlerMapping - Adding welcome page: class path resource [static/index.html]
2025-04-01 21:29:14 [main] INFO  o.a.coyote.http11.Http11NioProtocol - Starting ProtocolHandler ["http-nio-8000"]
2025-04-01 21:29:14 [main] INFO  o.s.b.w.e.tomcat.TomcatWebServer - Tomcat started on port(s): 8000 (http) with context path ''
2025-04-01 21:29:14 [main] INFO  c.it.pkj.PartyPayManageApplication - Started PartyPayManageApplication in 2.64 seconds (process running for 3.222)
2025-04-01 22:22:10 [http-nio-8000-exec-1] INFO  o.a.c.c.C.[Tomcat].[localhost].[/] - Initializing Spring DispatcherServlet 'dispatcherServlet'
2025-04-01 22:22:10 [http-nio-8000-exec-1] INFO  o.s.web.servlet.DispatcherServlet - Initializing Servlet 'dispatcherServlet'
2025-04-01 22:22:10 [http-nio-8000-exec-1] INFO  o.s.web.servlet.DispatcherServlet - Completed initialization in 1 ms
2025-04-01 22:22:10 [http-nio-8000-exec-1] ERROR c.it.pkj.controller.LoginController - 登出接口出现异常: 
java.lang.IllegalArgumentException: 令牌不能为空!
	at com.it.pkj.utils.JwtUtil.parseToken(JwtUtil.java:57)
	at com.it.pkj.controller.LoginController.logout(LoginController.java:55)
	at java.base/jdk.internal.reflect.NativeMethodAccessorImpl.invoke0(Native Method)
	at java.base/jdk.internal.reflect.NativeMethodAccessorImpl.invoke(NativeMethodAccessorImpl.java:77)
	at java.base/jdk.internal.reflect.DelegatingMethodAccessorImpl.invoke(DelegatingMethodAccessorImpl.java:43)
	at java.base/java.lang.reflect.Method.invoke(Method.java:568)
	at org.springframework.web.method.support.InvocableHandlerMethod.doInvoke(InvocableHandlerMethod.java:207)
	at org.springframework.web.method.support.InvocableHandlerMethod.invokeForRequest(InvocableHandlerMethod.java:152)
	at org.springframework.web.servlet.mvc.method.annotation.ServletInvocableHandlerMethod.invokeAndHandle(ServletInvocableHandlerMethod.java:117)
	at org.springframework.web.servlet.mvc.method.annotation.RequestMappingHandlerAdapter.invokeHandlerMethod(RequestMappingHandlerAdapter.java:884)
	at org.springframework.web.servlet.mvc.method.annotation.RequestMappingHandlerAdapter.handleInternal(RequestMappingHandlerAdapter.java:797)
	at org.springframework.web.servlet.mvc.method.AbstractHandlerMethodAdapter.handle(AbstractHandlerMethodAdapter.java:87)
	at org.springframework.web.servlet.DispatcherServlet.doDispatch(DispatcherServlet.java:1080)
	at org.springframework.web.servlet.DispatcherServlet.doService(DispatcherServlet.java:973)
	at org.springframework.web.servlet.FrameworkServlet.processRequest(FrameworkServlet.java:1011)
	at org.springframework.web.servlet.FrameworkServlet.doGet(FrameworkServlet.java:903)
	at jakarta.servlet.http.HttpServlet.service(HttpServlet.java:705)
	at org.springframework.web.servlet.FrameworkServlet.service(FrameworkServlet.java:885)
	at jakarta.servlet.http.HttpServlet.service(HttpServlet.java:814)
	at org.apache.catalina.core.ApplicationFilterChain.internalDoFilter(ApplicationFilterChain.java:223)
	at org.apache.catalina.core.ApplicationFilterChain.doFilter(ApplicationFilterChain.java:158)
	at org.apache.tomcat.websocket.server.WsFilter.doFilter(WsFilter.java:53)
	at org.apache.catalina.core.ApplicationFilterChain.internalDoFilter(ApplicationFilterChain.java:185)
	at org.apache.catalina.core.ApplicationFilterChain.doFilter(ApplicationFilterChain.java:158)
	at org.springframework.web.filter.RequestContextFilter.doFilterInternal(RequestContextFilter.java:100)
	at org.springframework.web.filter.OncePerRequestFilter.doFilter(OncePerRequestFilter.java:116)
	at org.apache.catalina.core.ApplicationFilterChain.internalDoFilter(ApplicationFilterChain.java:185)
	at org.apache.catalina.core.ApplicationFilterChain.doFilter(ApplicationFilterChain.java:158)
	at org.springframework.web.filter.FormContentFilter.doFilterInternal(FormContentFilter.java:93)
	at org.springframework.web.filter.OncePerRequestFilter.doFilter(OncePerRequestFilter.java:116)
	at org.apache.catalina.core.ApplicationFilterChain.internalDoFilter(ApplicationFilterChain.java:185)
	at org.apache.catalina.core.ApplicationFilterChain.doFilter(ApplicationFilterChain.java:158)
	at org.springframework.web.filter.CharacterEncodingFilter.doFilterInternal(CharacterEncodingFilter.java:201)
	at org.springframework.web.filter.OncePerRequestFilter.doFilter(OncePerRequestFilter.java:116)
	at org.apache.catalina.core.ApplicationFilterChain.internalDoFilter(ApplicationFilterChain.java:185)
	at org.apache.catalina.core.ApplicationFilterChain.doFilter(ApplicationFilterChain.java:158)
	at org.apache.catalina.core.StandardWrapperValve.invoke(StandardWrapperValve.java:177)
	at org.apache.catalina.core.StandardContextValve.invoke(StandardContextValve.java:97)
	at org.apache.catalina.authenticator.AuthenticatorBase.invoke(AuthenticatorBase.java:542)
	at org.apache.catalina.core.StandardHostValve.invoke(StandardHostValve.java:119)
	at org.apache.catalina.valves.ErrorReportValve.invoke(ErrorReportValve.java:92)
	at org.apache.catalina.core.StandardEngineValve.invoke(StandardEngineValve.java:78)
	at org.apache.catalina.connector.CoyoteAdapter.service(CoyoteAdapter.java:357)
	at org.apache.coyote.http11.Http11Processor.service(Http11Processor.java:400)
	at org.apache.coyote.AbstractProcessorLight.process(AbstractProcessorLight.java:65)
	at org.apache.coyote.AbstractProtocol$ConnectionHandler.process(AbstractProtocol.java:859)
	at org.apache.tomcat.util.net.NioEndpoint$SocketProcessor.doRun(NioEndpoint.java:1734)
	at org.apache.tomcat.util.net.SocketProcessorBase.run(SocketProcessorBase.java:52)
	at org.apache.tomcat.util.threads.ThreadPoolExecutor.runWorker(ThreadPoolExecutor.java:1191)
	at org.apache.tomcat.util.threads.ThreadPoolExecutor$Worker.run(ThreadPoolExecutor.java:659)
	at org.apache.tomcat.util.threads.TaskThread$WrappingRunnable.run(TaskThread.java:61)
	at java.base/java.lang.Thread.run(Thread.java:842)
2025-04-01 22:26:30 [http-nio-8000-exec-4] DEBUG c.i.p.m.SystemUserMapper.selectList - ==>  Preparing: SELECT id,username,password,user_type,member_id FROM system_user WHERE (username = ?)
2025-04-01 22:26:30 [http-nio-8000-exec-4] DEBUG c.i.p.m.SystemUserMapper.selectList - ==> Parameters: dengjie(String)
2025-04-01 22:26:30 [http-nio-8000-exec-4] DEBUG c.i.p.m.SystemUserMapper.selectList - <==      Total: 1
2025-04-01 22:26:32 [http-nio-8000-exec-3] WARN  o.s.c.LocalVariableTableParameterNameDiscoverer - Using deprecated '-debug' fallback for parameter name resolution. Compile the affected code with '-parameters' instead or avoid its introspection: com.it.pkj.controller.PartyMemberController
2025-04-01 22:26:32 [http-nio-8000-exec-3] DEBUG c.i.p.m.P.selectPartyMembersWithProvince_mpCount - ==>  Preparing: SELECT COUNT(*) AS total FROM party_member pm
2025-04-01 22:26:32 [http-nio-8000-exec-3] DEBUG c.i.p.m.P.selectPartyMembersWithProvince_mpCount - ==> Parameters: 
2025-04-01 22:26:32 [http-nio-8000-exec-3] DEBUG c.i.p.m.P.selectPartyMembersWithProvince_mpCount - <==      Total: 1
2025-04-01 22:26:32 [http-nio-8000-exec-3] DEBUG c.i.p.m.P.selectPartyMembersWithProvince - ==>  Preparing: SELECT pm.id, pm.name, pm.gender, pm.age, pm.join_party_time, pm.phone, pm.email, pm.organization_type, p.province_name FROM party_member pm LEFT JOIN province p ON pm.province_id = p.id LIMIT ?
2025-04-01 22:26:32 [http-nio-8000-exec-3] DEBUG c.i.p.m.P.selectPartyMembersWithProvince - ==> Parameters: 10(Long)
2025-04-01 22:26:32 [http-nio-8000-exec-3] DEBUG c.i.p.m.P.selectPartyMembersWithProvince - <==      Total: 2
2025-04-01 22:26:32 [http-nio-8000-exec-5] DEBUG c.i.p.m.ProvinceMapper.selectList - ==>  Preparing: SELECT id,province_name FROM province
2025-04-01 22:26:32 [http-nio-8000-exec-5] DEBUG c.i.p.m.ProvinceMapper.selectList - ==> Parameters: 
2025-04-01 22:26:32 [http-nio-8000-exec-5] DEBUG c.i.p.m.ProvinceMapper.selectList - <==      Total: 34
2025-04-01 22:26:33 [http-nio-8000-exec-2] DEBUG c.i.p.m.ProvinceMapper.selectList - ==>  Preparing: SELECT id,province_name FROM province
2025-04-01 22:26:33 [http-nio-8000-exec-2] DEBUG c.i.p.m.ProvinceMapper.selectList - ==> Parameters: 
2025-04-01 22:26:33 [http-nio-8000-exec-2] DEBUG c.i.p.m.ProvinceMapper.selectList - <==      Total: 34
2025-04-01 22:26:33 [http-nio-8000-exec-6] DEBUG c.i.p.m.P.selectList - ==>  Preparing: SELECT id,province_id,organization_type,income_type,fee_rate,fixed_amount FROM party_fee_standard
2025-04-01 22:26:33 [http-nio-8000-exec-6] DEBUG c.i.p.m.P.selectList - ==> Parameters: 
2025-04-01 22:26:33 [http-nio-8000-exec-6] DEBUG c.i.p.m.P.selectList - <==      Total: 0
2025-04-01 22:26:36 [http-nio-8000-exec-7] WARN  c.i.p.service.impl.LoginServiceImpl - Token eyJhbGciOiJIUzI1NiJ9.eyJzdWIiOiJsb2dpbiIsImp0aSI6IjMyYWRkMDE3MWE3NDQ1ZGVhY2IyZDJiMDZjMDI0YWFiIiwiaWF0IjoxNzQzNTE3NTkwLCJleHAiOjE3NDM1MTkzOTAsInVzZXJPYmplY3QiOiJ7XCJpZFwiOjEsXCJ1c2VybmFtZVwiOlwiZGVuZ2ppZVwiLFwicGFzc3dvcmRcIjpcIjQ5YmE1OWFiYmU1NmUwNTdcIixcInVzZXJUeXBlXCI6XCJBRE1JTlwiLFwibWVtYmVySWRcIjpudWxsLFwibG9nZ2VkSW5cIjp0cnVlfSJ9.HG4_sEjRTq4-2BL_xcLpmaTBymWsKtPX4UsFl-vtKpM 不存在于 Redis 中，无需移除
2025-04-01 22:26:41 [http-nio-8000-exec-8] DEBUG c.i.p.m.SystemUserMapper.selectList - ==>  Preparing: SELECT id,username,password,user_type,member_id FROM system_user WHERE (username = ?)
2025-04-01 22:26:41 [http-nio-8000-exec-8] DEBUG c.i.p.m.SystemUserMapper.selectList - ==> Parameters: dengjie(String)
2025-04-01 22:26:41 [http-nio-8000-exec-8] DEBUG c.i.p.m.SystemUserMapper.selectList - <==      Total: 1
2025-04-01 22:26:43 [http-nio-8000-exec-9] DEBUG c.i.p.m.P.selectPartyMembersWithProvince_mpCount - ==>  Preparing: SELECT COUNT(*) AS total FROM party_member pm
2025-04-01 22:26:43 [http-nio-8000-exec-9] DEBUG c.i.p.m.P.selectPartyMembersWithProvince_mpCount - ==> Parameters: 
2025-04-01 22:26:43 [http-nio-8000-exec-9] DEBUG c.i.p.m.P.selectPartyMembersWithProvince_mpCount - <==      Total: 1
2025-04-01 22:26:43 [http-nio-8000-exec-9] DEBUG c.i.p.m.P.selectPartyMembersWithProvince - ==>  Preparing: SELECT pm.id, pm.name, pm.gender, pm.age, pm.join_party_time, pm.phone, pm.email, pm.organization_type, p.province_name FROM party_member pm LEFT JOIN province p ON pm.province_id = p.id LIMIT ?
2025-04-01 22:26:43 [http-nio-8000-exec-9] DEBUG c.i.p.m.P.selectPartyMembersWithProvince - ==> Parameters: 10(Long)
2025-04-01 22:26:43 [http-nio-8000-exec-9] DEBUG c.i.p.m.P.selectPartyMembersWithProvince - <==      Total: 2
2025-04-01 22:26:43 [http-nio-8000-exec-10] DEBUG c.i.p.m.ProvinceMapper.selectList - ==>  Preparing: SELECT id,province_name FROM province
2025-04-01 22:26:43 [http-nio-8000-exec-10] DEBUG c.i.p.m.ProvinceMapper.selectList - ==> Parameters: 
2025-04-01 22:26:43 [http-nio-8000-exec-10] DEBUG c.i.p.m.ProvinceMapper.selectList - <==      Total: 34
2025-04-01 22:26:44 [http-nio-8000-exec-1] DEBUG c.i.p.m.ProvinceMapper.selectList - ==>  Preparing: SELECT id,province_name FROM province
2025-04-01 22:26:44 [http-nio-8000-exec-1] DEBUG c.i.p.m.ProvinceMapper.selectList - ==> Parameters: 
2025-04-01 22:26:44 [http-nio-8000-exec-1] DEBUG c.i.p.m.ProvinceMapper.selectList - <==      Total: 34
2025-04-01 22:26:44 [http-nio-8000-exec-4] DEBUG c.i.p.m.P.selectList - ==>  Preparing: SELECT id,province_id,organization_type,income_type,fee_rate,fixed_amount FROM party_fee_standard
2025-04-01 22:26:44 [http-nio-8000-exec-4] DEBUG c.i.p.m.P.selectList - ==> Parameters: 
2025-04-01 22:26:44 [http-nio-8000-exec-4] DEBUG c.i.p.m.P.selectList - <==      Total: 0
2025-04-01 22:31:19 [http-nio-8000-exec-3] DEBUG c.i.p.m.ProvinceMapper.selectList - ==>  Preparing: SELECT id,province_name FROM province
2025-04-01 22:31:19 [http-nio-8000-exec-3] DEBUG c.i.p.m.ProvinceMapper.selectList - ==> Parameters: 
2025-04-01 22:31:19 [http-nio-8000-exec-3] DEBUG c.i.p.m.ProvinceMapper.selectList - <==      Total: 34
2025-04-01 22:31:19 [http-nio-8000-exec-5] DEBUG c.i.p.m.P.selectList - ==>  Preparing: SELECT id,province_id,organization_type,income_type,fee_rate,fixed_amount FROM party_fee_standard
2025-04-01 22:31:19 [http-nio-8000-exec-5] DEBUG c.i.p.m.P.selectList - ==> Parameters: 
2025-04-01 22:31:19 [http-nio-8000-exec-5] DEBUG c.i.p.m.P.selectList - <==      Total: 2
2025-04-01 22:32:56 [http-nio-8000-exec-2] WARN  c.i.p.service.impl.LoginServiceImpl - Token eyJhbGciOiJIUzI1NiJ9.eyJzdWIiOiJsb2dpbiIsImp0aSI6ImVhZTczZjM5MjQ3NjRkYWRhYWVjYjZkYzRhMjRkNTVmIiwiaWF0IjoxNzQzNTE3NjAxLCJleHAiOjE3NDM1MTk0MDEsInVzZXJPYmplY3QiOiJ7XCJpZFwiOjEsXCJ1c2VybmFtZVwiOlwiZGVuZ2ppZVwiLFwicGFzc3dvcmRcIjpcIjQ5YmE1OWFiYmU1NmUwNTdcIixcInVzZXJUeXBlXCI6XCJBRE1JTlwiLFwibWVtYmVySWRcIjpudWxsLFwibG9nZ2VkSW5cIjp0cnVlfSJ9.GvkPoqFnkNji8b2kt78KgdKwIbxgityjju1W616Esok 不存在于 Redis 中，无需移除
2025-04-01 22:32:57 [http-nio-8000-exec-6] DEBUG c.i.p.m.SystemUserMapper.selectList - ==>  Preparing: SELECT id,username,password,user_type,member_id FROM system_user WHERE (username = ?)
2025-04-01 22:32:57 [http-nio-8000-exec-6] DEBUG c.i.p.m.SystemUserMapper.selectList - ==> Parameters: dengjie(String)
2025-04-01 22:32:57 [http-nio-8000-exec-6] DEBUG c.i.p.m.SystemUserMapper.selectList - <==      Total: 1
2025-04-01 22:33:12 [http-nio-8000-exec-7] DEBUG c.i.p.m.P.selectPartyMembersWithProvince_mpCount - ==>  Preparing: SELECT COUNT(*) AS total FROM party_member pm
2025-04-01 22:33:12 [http-nio-8000-exec-7] DEBUG c.i.p.m.P.selectPartyMembersWithProvince_mpCount - ==> Parameters: 
2025-04-01 22:33:12 [http-nio-8000-exec-7] DEBUG c.i.p.m.P.selectPartyMembersWithProvince_mpCount - <==      Total: 1
2025-04-01 22:33:12 [http-nio-8000-exec-7] DEBUG c.i.p.m.P.selectPartyMembersWithProvince - ==>  Preparing: SELECT pm.id, pm.name, pm.gender, pm.age, pm.join_party_time, pm.phone, pm.email, pm.organization_type, p.province_name FROM party_member pm LEFT JOIN province p ON pm.province_id = p.id LIMIT ?
2025-04-01 22:33:12 [http-nio-8000-exec-7] DEBUG c.i.p.m.P.selectPartyMembersWithProvince - ==> Parameters: 10(Long)
2025-04-01 22:33:12 [http-nio-8000-exec-7] DEBUG c.i.p.m.P.selectPartyMembersWithProvince - <==      Total: 2
2025-04-01 22:33:12 [http-nio-8000-exec-8] DEBUG c.i.p.m.ProvinceMapper.selectList - ==>  Preparing: SELECT id,province_name FROM province
2025-04-01 22:33:12 [http-nio-8000-exec-8] DEBUG c.i.p.m.ProvinceMapper.selectList - ==> Parameters: 
2025-04-01 22:33:12 [http-nio-8000-exec-8] DEBUG c.i.p.m.ProvinceMapper.selectList - <==      Total: 34
2025-04-01 22:33:12 [http-nio-8000-exec-9] DEBUG c.i.p.m.ProvinceMapper.selectList - ==>  Preparing: SELECT id,province_name FROM province
2025-04-01 22:33:12 [http-nio-8000-exec-9] DEBUG c.i.p.m.ProvinceMapper.selectList - ==> Parameters: 
2025-04-01 22:33:12 [http-nio-8000-exec-9] DEBUG c.i.p.m.ProvinceMapper.selectList - <==      Total: 34
2025-04-01 22:33:12 [http-nio-8000-exec-10] DEBUG c.i.p.m.P.selectList - ==>  Preparing: SELECT id,province_id,organization_type,income_type,fee_rate,fixed_amount FROM party_fee_standard
2025-04-01 22:33:12 [http-nio-8000-exec-10] DEBUG c.i.p.m.P.selectList - ==> Parameters: 
2025-04-01 22:33:12 [http-nio-8000-exec-10] DEBUG c.i.p.m.P.selectList - <==      Total: 2
2025-04-01 22:33:34 [SpringApplicationShutdownHook] INFO  o.s.o.j.LocalContainerEntityManagerFactoryBean - Closing JPA EntityManagerFactory for persistence unit 'default'
2025-04-01 22:33:34 [SpringApplicationShutdownHook] INFO  com.zaxxer.hikari.HikariDataSource - HikariPool-1 - Shutdown initiated...
2025-04-01 22:33:34 [SpringApplicationShutdownHook] INFO  com.zaxxer.hikari.HikariDataSource - HikariPool-1 - Shutdown completed.
