2025-03-25 23:05:35 [main] INFO  c.it.pkj.PartyPayManageApplication - Starting PartyPayManageApplication using Java 17.0.10 with PID 29000 (E:\demo\biye\partyPayManage\target\classes started by Administrator in E:\demo\biye\partyPayManage)
2025-03-25 23:05:35 [main] DEBUG c.it.pkj.PartyPayManageApplication - Running with Spring Boot v3.0.2, Spring v6.0.4
2025-03-25 23:05:35 [main] INFO  c.it.pkj.PartyPayManageApplication - No active profile set, falling back to 1 default profile: "default"
2025-03-25 23:05:36 [main] INFO  o.s.d.r.c.RepositoryConfigurationDelegate - Multiple Spring Data modules found, entering strict repository configuration mode
2025-03-25 23:05:36 [main] INFO  o.s.d.r.c.RepositoryConfigurationDelegate - Bootstrapping Spring Data JPA repositories in DEFAULT mode.
2025-03-25 23:05:36 [main] INFO  o.s.d.r.c.RepositoryConfigurationDelegate - Finished Spring Data repository scanning in 10 ms. Found 0 JPA repository interfaces.
2025-03-25 23:05:36 [main] INFO  o.s.d.r.c.RepositoryConfigurationDelegate - Multiple Spring Data modules found, entering strict repository configuration mode
2025-03-25 23:05:36 [main] INFO  o.s.d.r.c.RepositoryConfigurationDelegate - Bootstrapping Spring Data Redis repositories in DEFAULT mode.
2025-03-25 23:05:36 [main] INFO  o.s.d.r.c.RepositoryConfigurationDelegate - Finished Spring Data repository scanning in 2 ms. Found 0 Redis repository interfaces.
2025-03-25 23:05:36 [main] INFO  o.s.b.w.e.tomcat.TomcatWebServer - Tomcat initialized with port(s): 8000 (http)
2025-03-25 23:05:36 [main] INFO  o.a.coyote.http11.Http11NioProtocol - Initializing ProtocolHandler ["http-nio-8000"]
2025-03-25 23:05:36 [main] INFO  o.a.catalina.core.StandardService - Starting service [Tomcat]
2025-03-25 23:05:36 [main] INFO  o.a.catalina.core.StandardEngine - Starting Servlet engine: [Apache Tomcat/10.1.5]
2025-03-25 23:05:36 [main] INFO  o.a.c.c.C.[Tomcat].[localhost].[/] - Initializing Spring embedded WebApplicationContext
2025-03-25 23:05:36 [main] INFO  o.s.b.w.s.c.ServletWebServerApplicationContext - Root WebApplicationContext: initialization completed in 652 ms
2025-03-25 23:05:36 [main] INFO  o.h.jpa.internal.util.LogHelper - HHH000204: Processing PersistenceUnitInfo [name: default]
2025-03-25 23:05:36 [main] INFO  org.hibernate.Version - HHH000412: Hibernate ORM core version 6.1.6.Final
2025-03-25 23:05:36 [main] WARN  org.hibernate.orm.deprecation - HHH90000021: Encountered deprecated setting [javax.persistence.sharedCache.mode], use [jakarta.persistence.sharedCache.mode] instead
2025-03-25 23:05:36 [main] INFO  com.zaxxer.hikari.HikariDataSource - HikariPool-1 - Starting...
2025-03-25 23:05:36 [main] INFO  com.zaxxer.hikari.pool.HikariPool - HikariPool-1 - Added connection com.mysql.cj.jdbc.ConnectionImpl@2abedbbd
2025-03-25 23:05:36 [main] INFO  com.zaxxer.hikari.HikariDataSource - HikariPool-1 - Start completed.
2025-03-25 23:05:36 [main] INFO  SQL dialect - HHH000400: Using dialect: org.hibernate.dialect.MySQLDialect
2025-03-25 23:05:37 [main] INFO  o.h.e.t.j.p.i.JtaPlatformInitiator - HHH000490: Using JtaPlatform implementation: [org.hibernate.engine.transaction.jta.platform.internal.NoJtaPlatform]
2025-03-25 23:05:37 [main] INFO  o.s.o.j.LocalContainerEntityManagerFactoryBean - Initialized JPA EntityManagerFactory for persistence unit 'default'
2025-03-25 23:05:37 [main] WARN  o.s.b.a.o.j.JpaBaseConfiguration$JpaWebConfiguration - spring.jpa.open-in-view is enabled by default. Therefore, database queries may be performed during view rendering. Explicitly configure spring.jpa.open-in-view to disable this warning
2025-03-25 23:05:37 [main] INFO  o.s.b.a.w.s.WelcomePageHandlerMapping - Adding welcome page: class path resource [static/index.html]
2025-03-25 23:05:37 [main] INFO  o.a.coyote.http11.Http11NioProtocol - Starting ProtocolHandler ["http-nio-8000"]
2025-03-25 23:05:37 [main] INFO  o.s.b.w.e.tomcat.TomcatWebServer - Tomcat started on port(s): 8000 (http) with context path ''
2025-03-25 23:05:37 [main] INFO  c.it.pkj.PartyPayManageApplication - Started PartyPayManageApplication in 1.898 seconds (process running for 2.406)
2025-03-25 23:12:44 [http-nio-8000-exec-1] INFO  o.a.c.c.C.[Tomcat].[localhost].[/] - Initializing Spring DispatcherServlet 'dispatcherServlet'
2025-03-25 23:12:44 [http-nio-8000-exec-1] INFO  o.s.web.servlet.DispatcherServlet - Initializing Servlet 'dispatcherServlet'
2025-03-25 23:12:44 [http-nio-8000-exec-1] INFO  o.s.web.servlet.DispatcherServlet - Completed initialization in 1 ms
2025-03-25 23:12:44 [http-nio-8000-exec-1] DEBUG c.i.p.m.SystemUserMapper.selectList - ==>  Preparing: SELECT id,username,password,user_type,member_id,is_logged_in FROM system_user WHERE (username = ?)
2025-03-25 23:12:44 [http-nio-8000-exec-1] DEBUG c.i.p.m.SystemUserMapper.selectList - ==> Parameters: dengjie(String)
2025-03-25 23:14:23 [SpringApplicationShutdownHook] INFO  o.s.o.j.LocalContainerEntityManagerFactoryBean - Closing JPA EntityManagerFactory for persistence unit 'default'
2025-03-25 23:14:23 [SpringApplicationShutdownHook] INFO  com.zaxxer.hikari.HikariDataSource - HikariPool-1 - Shutdown initiated...
2025-03-25 23:14:23 [SpringApplicationShutdownHook] INFO  com.zaxxer.hikari.HikariDataSource - HikariPool-1 - Shutdown completed.
2025-03-25 23:14:27 [main] INFO  c.it.pkj.PartyPayManageApplication - Starting PartyPayManageApplication using Java 17.0.10 with PID 42060 (E:\demo\biye\partyPayManage\target\classes started by Administrator in E:\demo\biye\partyPayManage)
2025-03-25 23:14:27 [main] DEBUG c.it.pkj.PartyPayManageApplication - Running with Spring Boot v3.0.2, Spring v6.0.4
2025-03-25 23:14:27 [main] INFO  c.it.pkj.PartyPayManageApplication - No active profile set, falling back to 1 default profile: "default"
2025-03-25 23:14:27 [main] INFO  o.s.d.r.c.RepositoryConfigurationDelegate - Multiple Spring Data modules found, entering strict repository configuration mode
2025-03-25 23:14:27 [main] INFO  o.s.d.r.c.RepositoryConfigurationDelegate - Bootstrapping Spring Data JPA repositories in DEFAULT mode.
2025-03-25 23:14:27 [main] INFO  o.s.d.r.c.RepositoryConfigurationDelegate - Finished Spring Data repository scanning in 10 ms. Found 0 JPA repository interfaces.
2025-03-25 23:14:27 [main] INFO  o.s.d.r.c.RepositoryConfigurationDelegate - Multiple Spring Data modules found, entering strict repository configuration mode
2025-03-25 23:14:27 [main] INFO  o.s.d.r.c.RepositoryConfigurationDelegate - Bootstrapping Spring Data Redis repositories in DEFAULT mode.
2025-03-25 23:14:27 [main] INFO  o.s.d.r.c.RepositoryConfigurationDelegate - Finished Spring Data repository scanning in 2 ms. Found 0 Redis repository interfaces.
2025-03-25 23:14:27 [main] INFO  o.s.b.w.e.tomcat.TomcatWebServer - Tomcat initialized with port(s): 8000 (http)
2025-03-25 23:14:27 [main] INFO  o.a.coyote.http11.Http11NioProtocol - Initializing ProtocolHandler ["http-nio-8000"]
2025-03-25 23:14:27 [main] INFO  o.a.catalina.core.StandardService - Starting service [Tomcat]
2025-03-25 23:14:27 [main] INFO  o.a.catalina.core.StandardEngine - Starting Servlet engine: [Apache Tomcat/10.1.5]
2025-03-25 23:14:27 [main] INFO  o.a.c.c.C.[Tomcat].[localhost].[/] - Initializing Spring embedded WebApplicationContext
2025-03-25 23:14:27 [main] INFO  o.s.b.w.s.c.ServletWebServerApplicationContext - Root WebApplicationContext: initialization completed in 633 ms
2025-03-25 23:14:27 [main] INFO  o.h.jpa.internal.util.LogHelper - HHH000204: Processing PersistenceUnitInfo [name: default]
2025-03-25 23:14:27 [main] INFO  org.hibernate.Version - HHH000412: Hibernate ORM core version 6.1.6.Final
2025-03-25 23:14:27 [main] WARN  org.hibernate.orm.deprecation - HHH90000021: Encountered deprecated setting [javax.persistence.sharedCache.mode], use [jakarta.persistence.sharedCache.mode] instead
2025-03-25 23:14:27 [main] INFO  com.zaxxer.hikari.HikariDataSource - HikariPool-1 - Starting...
2025-03-25 23:14:28 [main] INFO  com.zaxxer.hikari.pool.HikariPool - HikariPool-1 - Added connection com.mysql.cj.jdbc.ConnectionImpl@56881196
2025-03-25 23:14:28 [main] INFO  com.zaxxer.hikari.HikariDataSource - HikariPool-1 - Start completed.
2025-03-25 23:14:28 [main] INFO  SQL dialect - HHH000400: Using dialect: org.hibernate.dialect.MySQLDialect
2025-03-25 23:14:28 [main] INFO  o.h.e.t.j.p.i.JtaPlatformInitiator - HHH000490: Using JtaPlatform implementation: [org.hibernate.engine.transaction.jta.platform.internal.NoJtaPlatform]
2025-03-25 23:14:28 [main] INFO  o.s.o.j.LocalContainerEntityManagerFactoryBean - Initialized JPA EntityManagerFactory for persistence unit 'default'
2025-03-25 23:14:28 [main] WARN  o.s.b.a.o.j.JpaBaseConfiguration$JpaWebConfiguration - spring.jpa.open-in-view is enabled by default. Therefore, database queries may be performed during view rendering. Explicitly configure spring.jpa.open-in-view to disable this warning
2025-03-25 23:14:28 [main] INFO  o.s.b.a.w.s.WelcomePageHandlerMapping - Adding welcome page: class path resource [static/index.html]
2025-03-25 23:14:28 [main] INFO  o.a.coyote.http11.Http11NioProtocol - Starting ProtocolHandler ["http-nio-8000"]
2025-03-25 23:14:28 [main] INFO  o.s.b.w.e.tomcat.TomcatWebServer - Tomcat started on port(s): 8000 (http) with context path ''
2025-03-25 23:14:28 [main] INFO  c.it.pkj.PartyPayManageApplication - Started PartyPayManageApplication in 1.877 seconds (process running for 2.26)
2025-03-25 23:14:32 [http-nio-8000-exec-1] INFO  o.a.c.c.C.[Tomcat].[localhost].[/] - Initializing Spring DispatcherServlet 'dispatcherServlet'
2025-03-25 23:14:32 [http-nio-8000-exec-1] INFO  o.s.web.servlet.DispatcherServlet - Initializing Servlet 'dispatcherServlet'
2025-03-25 23:14:32 [http-nio-8000-exec-1] INFO  o.s.web.servlet.DispatcherServlet - Completed initialization in 1 ms
2025-03-25 23:14:32 [http-nio-8000-exec-1] DEBUG c.i.p.m.SystemUserMapper.selectList - ==>  Preparing: SELECT id,username,password,user_type,member_id FROM system_user WHERE (username = ?)
2025-03-25 23:14:32 [http-nio-8000-exec-1] DEBUG c.i.p.m.SystemUserMapper.selectList - ==> Parameters: dengjie(String)
2025-03-25 23:14:32 [http-nio-8000-exec-1] DEBUG c.i.p.m.SystemUserMapper.selectList - <==      Total: 1
2025-03-25 23:18:07 [http-nio-8000-exec-2] DEBUG c.i.p.m.SystemUserMapper.selectList - ==>  Preparing: SELECT id,username,password,user_type,member_id FROM system_user WHERE (username = ?)
2025-03-25 23:18:07 [http-nio-8000-exec-2] DEBUG c.i.p.m.SystemUserMapper.selectList - ==> Parameters: dengjie(String)
2025-03-25 23:18:07 [http-nio-8000-exec-2] DEBUG c.i.p.m.SystemUserMapper.selectList - <==      Total: 1
2025-03-25 23:19:34 [http-nio-8000-exec-5] DEBUG c.i.p.m.SystemUserMapper.selectList - ==>  Preparing: SELECT id,username,password,user_type,member_id FROM system_user WHERE (username = ?)
2025-03-25 23:19:34 [http-nio-8000-exec-5] DEBUG c.i.p.m.SystemUserMapper.selectList - ==> Parameters: dengjie(String)
2025-03-25 23:19:34 [http-nio-8000-exec-5] DEBUG c.i.p.m.SystemUserMapper.selectList - <==      Total: 1
2025-03-25 23:20:16 [http-nio-8000-exec-7] DEBUG c.i.p.m.SystemUserMapper.selectList - ==>  Preparing: SELECT id,username,password,user_type,member_id FROM system_user WHERE (username = ?)
2025-03-25 23:20:16 [http-nio-8000-exec-7] DEBUG c.i.p.m.SystemUserMapper.selectList - ==> Parameters: dengjie(String)
2025-03-25 23:20:16 [http-nio-8000-exec-7] DEBUG c.i.p.m.SystemUserMapper.selectList - <==      Total: 1
2025-03-25 23:21:10 [SpringApplicationShutdownHook] INFO  o.s.o.j.LocalContainerEntityManagerFactoryBean - Closing JPA EntityManagerFactory for persistence unit 'default'
2025-03-25 23:21:10 [SpringApplicationShutdownHook] INFO  com.zaxxer.hikari.HikariDataSource - HikariPool-1 - Shutdown initiated...
2025-03-25 23:21:10 [SpringApplicationShutdownHook] INFO  com.zaxxer.hikari.HikariDataSource - HikariPool-1 - Shutdown completed.
2025-03-25 23:21:12 [main] INFO  c.it.pkj.PartyPayManageApplication - Starting PartyPayManageApplication using Java 17.0.10 with PID 18688 (E:\demo\biye\partyPayManage\target\classes started by Administrator in E:\demo\biye\partyPayManage)
2025-03-25 23:21:12 [main] DEBUG c.it.pkj.PartyPayManageApplication - Running with Spring Boot v3.0.2, Spring v6.0.4
2025-03-25 23:21:12 [main] INFO  c.it.pkj.PartyPayManageApplication - No active profile set, falling back to 1 default profile: "default"
2025-03-25 23:21:13 [main] INFO  o.s.d.r.c.RepositoryConfigurationDelegate - Multiple Spring Data modules found, entering strict repository configuration mode
2025-03-25 23:21:13 [main] INFO  o.s.d.r.c.RepositoryConfigurationDelegate - Bootstrapping Spring Data JPA repositories in DEFAULT mode.
2025-03-25 23:21:13 [main] INFO  o.s.d.r.c.RepositoryConfigurationDelegate - Finished Spring Data repository scanning in 10 ms. Found 0 JPA repository interfaces.
2025-03-25 23:21:13 [main] INFO  o.s.d.r.c.RepositoryConfigurationDelegate - Multiple Spring Data modules found, entering strict repository configuration mode
2025-03-25 23:21:13 [main] INFO  o.s.d.r.c.RepositoryConfigurationDelegate - Bootstrapping Spring Data Redis repositories in DEFAULT mode.
2025-03-25 23:21:13 [main] INFO  o.s.d.r.c.RepositoryConfigurationDelegate - Finished Spring Data repository scanning in 2 ms. Found 0 Redis repository interfaces.
2025-03-25 23:21:13 [main] INFO  o.s.b.w.e.tomcat.TomcatWebServer - Tomcat initialized with port(s): 8000 (http)
2025-03-25 23:21:13 [main] INFO  o.a.coyote.http11.Http11NioProtocol - Initializing ProtocolHandler ["http-nio-8000"]
2025-03-25 23:21:13 [main] INFO  o.a.catalina.core.StandardService - Starting service [Tomcat]
2025-03-25 23:21:13 [main] INFO  o.a.catalina.core.StandardEngine - Starting Servlet engine: [Apache Tomcat/10.1.5]
2025-03-25 23:21:13 [main] INFO  o.a.c.c.C.[Tomcat].[localhost].[/] - Initializing Spring embedded WebApplicationContext
2025-03-25 23:21:13 [main] INFO  o.s.b.w.s.c.ServletWebServerApplicationContext - Root WebApplicationContext: initialization completed in 615 ms
2025-03-25 23:21:13 [main] INFO  o.h.jpa.internal.util.LogHelper - HHH000204: Processing PersistenceUnitInfo [name: default]
2025-03-25 23:21:13 [main] INFO  org.hibernate.Version - HHH000412: Hibernate ORM core version 6.1.6.Final
2025-03-25 23:21:13 [main] WARN  org.hibernate.orm.deprecation - HHH90000021: Encountered deprecated setting [javax.persistence.sharedCache.mode], use [jakarta.persistence.sharedCache.mode] instead
2025-03-25 23:21:13 [main] INFO  com.zaxxer.hikari.HikariDataSource - HikariPool-1 - Starting...
2025-03-25 23:21:13 [main] INFO  com.zaxxer.hikari.pool.HikariPool - HikariPool-1 - Added connection com.mysql.cj.jdbc.ConnectionImpl@2abedbbd
2025-03-25 23:21:13 [main] INFO  com.zaxxer.hikari.HikariDataSource - HikariPool-1 - Start completed.
2025-03-25 23:21:13 [main] INFO  SQL dialect - HHH000400: Using dialect: org.hibernate.dialect.MySQLDialect
2025-03-25 23:21:13 [main] INFO  o.h.e.t.j.p.i.JtaPlatformInitiator - HHH000490: Using JtaPlatform implementation: [org.hibernate.engine.transaction.jta.platform.internal.NoJtaPlatform]
2025-03-25 23:21:13 [main] INFO  o.s.o.j.LocalContainerEntityManagerFactoryBean - Initialized JPA EntityManagerFactory for persistence unit 'default'
2025-03-25 23:21:14 [main] WARN  o.s.b.a.o.j.JpaBaseConfiguration$JpaWebConfiguration - spring.jpa.open-in-view is enabled by default. Therefore, database queries may be performed during view rendering. Explicitly configure spring.jpa.open-in-view to disable this warning
2025-03-25 23:21:14 [main] INFO  o.s.b.a.w.s.WelcomePageHandlerMapping - Adding welcome page: class path resource [static/index.html]
2025-03-25 23:21:14 [main] INFO  o.a.coyote.http11.Http11NioProtocol - Starting ProtocolHandler ["http-nio-8000"]
2025-03-25 23:21:14 [main] INFO  o.s.b.w.e.tomcat.TomcatWebServer - Tomcat started on port(s): 8000 (http) with context path ''
2025-03-25 23:21:14 [main] INFO  c.it.pkj.PartyPayManageApplication - Started PartyPayManageApplication in 1.871 seconds (process running for 2.253)
2025-03-25 23:21:24 [SpringApplicationShutdownHook] INFO  o.s.o.j.LocalContainerEntityManagerFactoryBean - Closing JPA EntityManagerFactory for persistence unit 'default'
2025-03-25 23:21:24 [SpringApplicationShutdownHook] INFO  com.zaxxer.hikari.HikariDataSource - HikariPool-1 - Shutdown initiated...
2025-03-25 23:21:24 [SpringApplicationShutdownHook] INFO  com.zaxxer.hikari.HikariDataSource - HikariPool-1 - Shutdown completed.
2025-03-25 23:21:26 [main] INFO  c.it.pkj.PartyPayManageApplication - Starting PartyPayManageApplication using Java 17.0.10 with PID 37856 (E:\demo\biye\partyPayManage\target\classes started by Administrator in E:\demo\biye\partyPayManage)
2025-03-25 23:21:26 [main] DEBUG c.it.pkj.PartyPayManageApplication - Running with Spring Boot v3.0.2, Spring v6.0.4
2025-03-25 23:21:26 [main] INFO  c.it.pkj.PartyPayManageApplication - No active profile set, falling back to 1 default profile: "default"
2025-03-25 23:21:27 [main] INFO  o.s.d.r.c.RepositoryConfigurationDelegate - Multiple Spring Data modules found, entering strict repository configuration mode
2025-03-25 23:21:27 [main] INFO  o.s.d.r.c.RepositoryConfigurationDelegate - Bootstrapping Spring Data JPA repositories in DEFAULT mode.
2025-03-25 23:21:27 [main] INFO  o.s.d.r.c.RepositoryConfigurationDelegate - Finished Spring Data repository scanning in 9 ms. Found 0 JPA repository interfaces.
2025-03-25 23:21:27 [main] INFO  o.s.d.r.c.RepositoryConfigurationDelegate - Multiple Spring Data modules found, entering strict repository configuration mode
2025-03-25 23:21:27 [main] INFO  o.s.d.r.c.RepositoryConfigurationDelegate - Bootstrapping Spring Data Redis repositories in DEFAULT mode.
2025-03-25 23:21:27 [main] INFO  o.s.d.r.c.RepositoryConfigurationDelegate - Finished Spring Data repository scanning in 2 ms. Found 0 Redis repository interfaces.
2025-03-25 23:21:27 [main] INFO  o.s.b.w.e.tomcat.TomcatWebServer - Tomcat initialized with port(s): 8000 (http)
2025-03-25 23:21:27 [main] INFO  o.a.coyote.http11.Http11NioProtocol - Initializing ProtocolHandler ["http-nio-8000"]
2025-03-25 23:21:27 [main] INFO  o.a.catalina.core.StandardService - Starting service [Tomcat]
2025-03-25 23:21:27 [main] INFO  o.a.catalina.core.StandardEngine - Starting Servlet engine: [Apache Tomcat/10.1.5]
2025-03-25 23:21:27 [main] INFO  o.a.c.c.C.[Tomcat].[localhost].[/] - Initializing Spring embedded WebApplicationContext
2025-03-25 23:21:27 [main] INFO  o.s.b.w.s.c.ServletWebServerApplicationContext - Root WebApplicationContext: initialization completed in 630 ms
2025-03-25 23:21:27 [main] INFO  o.h.jpa.internal.util.LogHelper - HHH000204: Processing PersistenceUnitInfo [name: default]
2025-03-25 23:21:27 [main] INFO  org.hibernate.Version - HHH000412: Hibernate ORM core version 6.1.6.Final
2025-03-25 23:21:27 [main] WARN  org.hibernate.orm.deprecation - HHH90000021: Encountered deprecated setting [javax.persistence.sharedCache.mode], use [jakarta.persistence.sharedCache.mode] instead
2025-03-25 23:21:27 [main] INFO  com.zaxxer.hikari.HikariDataSource - HikariPool-1 - Starting...
2025-03-25 23:21:27 [main] INFO  com.zaxxer.hikari.pool.HikariPool - HikariPool-1 - Added connection com.mysql.cj.jdbc.ConnectionImpl@2abedbbd
2025-03-25 23:21:27 [main] INFO  com.zaxxer.hikari.HikariDataSource - HikariPool-1 - Start completed.
2025-03-25 23:21:27 [main] INFO  SQL dialect - HHH000400: Using dialect: org.hibernate.dialect.MySQLDialect
2025-03-25 23:21:27 [main] INFO  o.h.e.t.j.p.i.JtaPlatformInitiator - HHH000490: Using JtaPlatform implementation: [org.hibernate.engine.transaction.jta.platform.internal.NoJtaPlatform]
2025-03-25 23:21:27 [main] INFO  o.s.o.j.LocalContainerEntityManagerFactoryBean - Initialized JPA EntityManagerFactory for persistence unit 'default'
2025-03-25 23:21:28 [main] WARN  o.s.b.a.o.j.JpaBaseConfiguration$JpaWebConfiguration - spring.jpa.open-in-view is enabled by default. Therefore, database queries may be performed during view rendering. Explicitly configure spring.jpa.open-in-view to disable this warning
2025-03-25 23:21:28 [main] INFO  o.s.b.a.w.s.WelcomePageHandlerMapping - Adding welcome page: class path resource [static/index.html]
2025-03-25 23:21:28 [main] INFO  o.a.coyote.http11.Http11NioProtocol - Starting ProtocolHandler ["http-nio-8000"]
2025-03-25 23:21:28 [main] INFO  o.s.b.w.e.tomcat.TomcatWebServer - Tomcat started on port(s): 8000 (http) with context path ''
2025-03-25 23:21:28 [main] INFO  c.it.pkj.PartyPayManageApplication - Started PartyPayManageApplication in 1.884 seconds (process running for 2.267)
2025-03-25 23:21:38 [http-nio-8000-exec-1] INFO  o.a.c.c.C.[Tomcat].[localhost].[/] - Initializing Spring DispatcherServlet 'dispatcherServlet'
2025-03-25 23:21:38 [http-nio-8000-exec-1] INFO  o.s.web.servlet.DispatcherServlet - Initializing Servlet 'dispatcherServlet'
2025-03-25 23:21:38 [http-nio-8000-exec-1] INFO  o.s.web.servlet.DispatcherServlet - Completed initialization in 0 ms
2025-03-25 23:21:38 [http-nio-8000-exec-1] DEBUG c.i.p.m.SystemUserMapper.selectList - ==>  Preparing: SELECT id,username,password,user_type,member_id FROM system_user WHERE (username = ?)
2025-03-25 23:21:38 [http-nio-8000-exec-1] DEBUG c.i.p.m.SystemUserMapper.selectList - ==> Parameters: dengjie(String)
2025-03-25 23:21:38 [http-nio-8000-exec-1] DEBUG c.i.p.m.SystemUserMapper.selectList - <==      Total: 1
2025-03-25 23:22:40 [http-nio-8000-exec-2] DEBUG c.i.p.m.SystemUserMapper.selectList - ==>  Preparing: SELECT id,username,password,user_type,member_id FROM system_user WHERE (username = ?)
2025-03-25 23:22:40 [http-nio-8000-exec-2] DEBUG c.i.p.m.SystemUserMapper.selectList - ==> Parameters: dengjie(String)
2025-03-25 23:22:40 [http-nio-8000-exec-2] DEBUG c.i.p.m.SystemUserMapper.selectList - <==      Total: 1
2025-03-25 23:23:02 [SpringApplicationShutdownHook] INFO  o.s.o.j.LocalContainerEntityManagerFactoryBean - Closing JPA EntityManagerFactory for persistence unit 'default'
2025-03-25 23:23:02 [SpringApplicationShutdownHook] INFO  com.zaxxer.hikari.HikariDataSource - HikariPool-1 - Shutdown initiated...
2025-03-25 23:23:02 [SpringApplicationShutdownHook] INFO  com.zaxxer.hikari.HikariDataSource - HikariPool-1 - Shutdown completed.
2025-03-25 23:23:05 [main] INFO  c.it.pkj.PartyPayManageApplication - Starting PartyPayManageApplication using Java 17.0.10 with PID 51928 (E:\demo\biye\partyPayManage\target\classes started by Administrator in E:\demo\biye\partyPayManage)
2025-03-25 23:23:05 [main] DEBUG c.it.pkj.PartyPayManageApplication - Running with Spring Boot v3.0.2, Spring v6.0.4
2025-03-25 23:23:05 [main] INFO  c.it.pkj.PartyPayManageApplication - No active profile set, falling back to 1 default profile: "default"
2025-03-25 23:23:06 [main] INFO  o.s.d.r.c.RepositoryConfigurationDelegate - Multiple Spring Data modules found, entering strict repository configuration mode
2025-03-25 23:23:06 [main] INFO  o.s.d.r.c.RepositoryConfigurationDelegate - Bootstrapping Spring Data JPA repositories in DEFAULT mode.
2025-03-25 23:23:06 [main] INFO  o.s.d.r.c.RepositoryConfigurationDelegate - Finished Spring Data repository scanning in 10 ms. Found 0 JPA repository interfaces.
2025-03-25 23:23:06 [main] INFO  o.s.d.r.c.RepositoryConfigurationDelegate - Multiple Spring Data modules found, entering strict repository configuration mode
2025-03-25 23:23:06 [main] INFO  o.s.d.r.c.RepositoryConfigurationDelegate - Bootstrapping Spring Data Redis repositories in DEFAULT mode.
2025-03-25 23:23:06 [main] INFO  o.s.d.r.c.RepositoryConfigurationDelegate - Finished Spring Data repository scanning in 2 ms. Found 0 Redis repository interfaces.
2025-03-25 23:23:06 [main] INFO  o.s.b.w.e.tomcat.TomcatWebServer - Tomcat initialized with port(s): 8000 (http)
2025-03-25 23:23:06 [main] INFO  o.a.coyote.http11.Http11NioProtocol - Initializing ProtocolHandler ["http-nio-8000"]
2025-03-25 23:23:06 [main] INFO  o.a.catalina.core.StandardService - Starting service [Tomcat]
2025-03-25 23:23:06 [main] INFO  o.a.catalina.core.StandardEngine - Starting Servlet engine: [Apache Tomcat/10.1.5]
2025-03-25 23:23:06 [main] INFO  o.a.c.c.C.[Tomcat].[localhost].[/] - Initializing Spring embedded WebApplicationContext
2025-03-25 23:23:06 [main] INFO  o.s.b.w.s.c.ServletWebServerApplicationContext - Root WebApplicationContext: initialization completed in 683 ms
2025-03-25 23:23:06 [main] INFO  o.h.jpa.internal.util.LogHelper - HHH000204: Processing PersistenceUnitInfo [name: default]
2025-03-25 23:23:06 [main] INFO  org.hibernate.Version - HHH000412: Hibernate ORM core version 6.1.6.Final
2025-03-25 23:23:06 [main] WARN  org.hibernate.orm.deprecation - HHH90000021: Encountered deprecated setting [javax.persistence.sharedCache.mode], use [jakarta.persistence.sharedCache.mode] instead
2025-03-25 23:23:06 [main] INFO  com.zaxxer.hikari.HikariDataSource - HikariPool-1 - Starting...
2025-03-25 23:23:06 [main] INFO  com.zaxxer.hikari.pool.HikariPool - HikariPool-1 - Added connection com.mysql.cj.jdbc.ConnectionImpl@6de33fde
2025-03-25 23:23:06 [main] INFO  com.zaxxer.hikari.HikariDataSource - HikariPool-1 - Start completed.
2025-03-25 23:23:06 [main] INFO  SQL dialect - HHH000400: Using dialect: org.hibernate.dialect.MySQLDialect
2025-03-25 23:23:07 [main] INFO  o.h.e.t.j.p.i.JtaPlatformInitiator - HHH000490: Using JtaPlatform implementation: [org.hibernate.engine.transaction.jta.platform.internal.NoJtaPlatform]
2025-03-25 23:23:07 [main] INFO  o.s.o.j.LocalContainerEntityManagerFactoryBean - Initialized JPA EntityManagerFactory for persistence unit 'default'
2025-03-25 23:23:07 [main] WARN  o.s.b.a.o.j.JpaBaseConfiguration$JpaWebConfiguration - spring.jpa.open-in-view is enabled by default. Therefore, database queries may be performed during view rendering. Explicitly configure spring.jpa.open-in-view to disable this warning
2025-03-25 23:23:07 [main] INFO  o.s.b.a.w.s.WelcomePageHandlerMapping - Adding welcome page: class path resource [static/index.html]
2025-03-25 23:23:07 [main] INFO  o.a.coyote.http11.Http11NioProtocol - Starting ProtocolHandler ["http-nio-8000"]
2025-03-25 23:23:07 [main] INFO  o.s.b.w.e.tomcat.TomcatWebServer - Tomcat started on port(s): 8000 (http) with context path ''
2025-03-25 23:23:07 [main] INFO  c.it.pkj.PartyPayManageApplication - Started PartyPayManageApplication in 2.034 seconds (process running for 2.89)
2025-03-25 23:23:11 [http-nio-8000-exec-1] INFO  o.a.c.c.C.[Tomcat].[localhost].[/] - Initializing Spring DispatcherServlet 'dispatcherServlet'
2025-03-25 23:23:11 [http-nio-8000-exec-1] INFO  o.s.web.servlet.DispatcherServlet - Initializing Servlet 'dispatcherServlet'
2025-03-25 23:23:11 [http-nio-8000-exec-1] INFO  o.s.web.servlet.DispatcherServlet - Completed initialization in 1 ms
2025-03-25 23:23:11 [http-nio-8000-exec-1] DEBUG c.i.p.m.SystemUserMapper.selectList - ==>  Preparing: SELECT id,username,password,user_type,member_id FROM system_user WHERE (username = ?)
2025-03-25 23:23:11 [http-nio-8000-exec-1] DEBUG c.i.p.m.SystemUserMapper.selectList - ==> Parameters: dengjie(String)
2025-03-25 23:23:11 [http-nio-8000-exec-1] DEBUG c.i.p.m.SystemUserMapper.selectList - <==      Total: 1
2025-03-25 23:23:33 [http-nio-8000-exec-3] DEBUG c.i.p.m.SystemUserMapper.selectList - ==>  Preparing: SELECT id,username,password,user_type,member_id FROM system_user WHERE (username = ?)
2025-03-25 23:23:33 [http-nio-8000-exec-3] DEBUG c.i.p.m.SystemUserMapper.selectList - ==> Parameters: dengjie(String)
2025-03-25 23:23:33 [http-nio-8000-exec-3] DEBUG c.i.p.m.SystemUserMapper.selectList - <==      Total: 1
2025-03-25 23:25:12 [http-nio-8000-exec-5] DEBUG c.i.p.m.SystemUserMapper.selectList - ==>  Preparing: SELECT id,username,password,user_type,member_id FROM system_user WHERE (username = ?)
2025-03-25 23:25:12 [http-nio-8000-exec-5] DEBUG c.i.p.m.SystemUserMapper.selectList - ==> Parameters: dengjie(String)
2025-03-25 23:25:12 [http-nio-8000-exec-5] DEBUG c.i.p.m.SystemUserMapper.selectList - <==      Total: 1
2025-03-25 23:25:16 [http-nio-8000-exec-7] DEBUG c.i.p.m.SystemUserMapper.selectList - ==>  Preparing: SELECT id,username,password,user_type,member_id FROM system_user WHERE (username = ?)
2025-03-25 23:25:16 [http-nio-8000-exec-7] DEBUG c.i.p.m.SystemUserMapper.selectList - ==> Parameters: dengjie(String)
2025-03-25 23:25:16 [http-nio-8000-exec-7] DEBUG c.i.p.m.SystemUserMapper.selectList - <==      Total: 1
2025-03-25 23:26:10 [http-nio-8000-exec-9] DEBUG c.i.p.m.SystemUserMapper.selectList - ==>  Preparing: SELECT id,username,password,user_type,member_id FROM system_user WHERE (username = ?)
2025-03-25 23:26:10 [http-nio-8000-exec-9] DEBUG c.i.p.m.SystemUserMapper.selectList - ==> Parameters: dengjie(String)
2025-03-25 23:26:10 [http-nio-8000-exec-9] DEBUG c.i.p.m.SystemUserMapper.selectList - <==      Total: 1
2025-03-25 23:26:20 [http-nio-8000-exec-1] DEBUG c.i.p.m.SystemUserMapper.selectList - ==>  Preparing: SELECT id,username,password,user_type,member_id FROM system_user WHERE (username = ?)
2025-03-25 23:26:20 [http-nio-8000-exec-1] DEBUG c.i.p.m.SystemUserMapper.selectList - ==> Parameters: dengjie(String)
2025-03-25 23:26:20 [http-nio-8000-exec-1] DEBUG c.i.p.m.SystemUserMapper.selectList - <==      Total: 1
2025-03-25 23:27:06 [http-nio-8000-exec-3] DEBUG c.i.p.m.SystemUserMapper.selectList - ==>  Preparing: SELECT id,username,password,user_type,member_id FROM system_user WHERE (username = ?)
2025-03-25 23:27:06 [http-nio-8000-exec-3] DEBUG c.i.p.m.SystemUserMapper.selectList - ==> Parameters: dengjie(String)
2025-03-25 23:27:06 [http-nio-8000-exec-3] DEBUG c.i.p.m.SystemUserMapper.selectList - <==      Total: 1
2025-03-25 23:27:59 [http-nio-8000-exec-5] DEBUG c.i.p.m.SystemUserMapper.selectList - ==>  Preparing: SELECT id,username,password,user_type,member_id FROM system_user WHERE (username = ?)
2025-03-25 23:27:59 [http-nio-8000-exec-5] DEBUG c.i.p.m.SystemUserMapper.selectList - ==> Parameters: dengjie(String)
2025-03-25 23:27:59 [http-nio-8000-exec-5] DEBUG c.i.p.m.SystemUserMapper.selectList - <==      Total: 1
2025-03-25 23:28:03 [http-nio-8000-exec-10] DEBUG c.i.p.m.SystemUserMapper.selectList - ==>  Preparing: SELECT id,username,password,user_type,member_id FROM system_user WHERE (username = ?)
2025-03-25 23:28:03 [http-nio-8000-exec-10] DEBUG c.i.p.m.SystemUserMapper.selectList - ==> Parameters: dengjie(String)
2025-03-25 23:28:03 [http-nio-8000-exec-10] DEBUG c.i.p.m.SystemUserMapper.selectList - <==      Total: 1
2025-03-25 23:28:12 [http-nio-8000-exec-7] DEBUG c.i.p.m.SystemUserMapper.selectList - ==>  Preparing: SELECT id,username,password,user_type,member_id FROM system_user WHERE (username = ?)
2025-03-25 23:28:12 [http-nio-8000-exec-7] DEBUG c.i.p.m.SystemUserMapper.selectList - ==> Parameters: dengjie(String)
2025-03-25 23:28:12 [http-nio-8000-exec-7] DEBUG c.i.p.m.SystemUserMapper.selectList - <==      Total: 1
2025-03-25 23:35:16 [HikariPool-1 housekeeper] WARN  com.zaxxer.hikari.pool.HikariPool - HikariPool-1 - Thread starvation or clock leap detected (housekeeper delta=3m8s275ms465µs400ns).
2025-03-25 23:35:16 [SpringApplicationShutdownHook] INFO  o.s.o.j.LocalContainerEntityManagerFactoryBean - Closing JPA EntityManagerFactory for persistence unit 'default'
2025-03-25 23:35:16 [SpringApplicationShutdownHook] INFO  com.zaxxer.hikari.HikariDataSource - HikariPool-1 - Shutdown initiated...
2025-03-25 23:35:16 [SpringApplicationShutdownHook] INFO  com.zaxxer.hikari.HikariDataSource - HikariPool-1 - Shutdown completed.
2025-03-25 23:35:19 [main] INFO  c.it.pkj.PartyPayManageApplication - Starting PartyPayManageApplication using Java 17.0.10 with PID 24036 (E:\demo\biye\partyPayManage\target\classes started by Administrator in E:\demo\biye\partyPayManage)
2025-03-25 23:35:19 [main] DEBUG c.it.pkj.PartyPayManageApplication - Running with Spring Boot v3.0.2, Spring v6.0.4
2025-03-25 23:35:19 [main] INFO  c.it.pkj.PartyPayManageApplication - No active profile set, falling back to 1 default profile: "default"
2025-03-25 23:35:19 [main] INFO  o.s.d.r.c.RepositoryConfigurationDelegate - Multiple Spring Data modules found, entering strict repository configuration mode
2025-03-25 23:35:19 [main] INFO  o.s.d.r.c.RepositoryConfigurationDelegate - Bootstrapping Spring Data JPA repositories in DEFAULT mode.
2025-03-25 23:35:19 [main] INFO  o.s.d.r.c.RepositoryConfigurationDelegate - Finished Spring Data repository scanning in 9 ms. Found 0 JPA repository interfaces.
2025-03-25 23:35:19 [main] INFO  o.s.d.r.c.RepositoryConfigurationDelegate - Multiple Spring Data modules found, entering strict repository configuration mode
2025-03-25 23:35:19 [main] INFO  o.s.d.r.c.RepositoryConfigurationDelegate - Bootstrapping Spring Data Redis repositories in DEFAULT mode.
2025-03-25 23:35:19 [main] INFO  o.s.d.r.c.RepositoryConfigurationDelegate - Finished Spring Data repository scanning in 2 ms. Found 0 Redis repository interfaces.
2025-03-25 23:35:20 [main] INFO  o.s.b.w.e.tomcat.TomcatWebServer - Tomcat initialized with port(s): 8000 (http)
2025-03-25 23:35:20 [main] INFO  o.a.coyote.http11.Http11NioProtocol - Initializing ProtocolHandler ["http-nio-8000"]
2025-03-25 23:35:20 [main] INFO  o.a.catalina.core.StandardService - Starting service [Tomcat]
2025-03-25 23:35:20 [main] INFO  o.a.catalina.core.StandardEngine - Starting Servlet engine: [Apache Tomcat/10.1.5]
2025-03-25 23:35:20 [main] INFO  o.a.c.c.C.[Tomcat].[localhost].[/] - Initializing Spring embedded WebApplicationContext
2025-03-25 23:35:20 [main] INFO  o.s.b.w.s.c.ServletWebServerApplicationContext - Root WebApplicationContext: initialization completed in 662 ms
2025-03-25 23:35:20 [main] INFO  o.h.jpa.internal.util.LogHelper - HHH000204: Processing PersistenceUnitInfo [name: default]
2025-03-25 23:35:20 [main] INFO  org.hibernate.Version - HHH000412: Hibernate ORM core version 6.1.6.Final
2025-03-25 23:35:20 [main] WARN  org.hibernate.orm.deprecation - HHH90000021: Encountered deprecated setting [javax.persistence.sharedCache.mode], use [jakarta.persistence.sharedCache.mode] instead
2025-03-25 23:35:20 [main] INFO  com.zaxxer.hikari.HikariDataSource - HikariPool-1 - Starting...
2025-03-25 23:35:20 [main] INFO  com.zaxxer.hikari.pool.HikariPool - HikariPool-1 - Added connection com.mysql.cj.jdbc.ConnectionImpl@24018c8b
2025-03-25 23:35:20 [main] INFO  com.zaxxer.hikari.HikariDataSource - HikariPool-1 - Start completed.
2025-03-25 23:35:20 [main] INFO  SQL dialect - HHH000400: Using dialect: org.hibernate.dialect.MySQLDialect
2025-03-25 23:35:20 [main] INFO  o.h.e.t.j.p.i.JtaPlatformInitiator - HHH000490: Using JtaPlatform implementation: [org.hibernate.engine.transaction.jta.platform.internal.NoJtaPlatform]
2025-03-25 23:35:20 [main] INFO  o.s.o.j.LocalContainerEntityManagerFactoryBean - Initialized JPA EntityManagerFactory for persistence unit 'default'
2025-03-25 23:35:21 [main] WARN  o.s.b.a.o.j.JpaBaseConfiguration$JpaWebConfiguration - spring.jpa.open-in-view is enabled by default. Therefore, database queries may be performed during view rendering. Explicitly configure spring.jpa.open-in-view to disable this warning
2025-03-25 23:35:21 [main] INFO  o.s.b.a.w.s.WelcomePageHandlerMapping - Adding welcome page: class path resource [static/index.html]
2025-03-25 23:35:21 [main] INFO  o.a.coyote.http11.Http11NioProtocol - Starting ProtocolHandler ["http-nio-8000"]
2025-03-25 23:35:21 [main] INFO  o.s.b.w.e.tomcat.TomcatWebServer - Tomcat started on port(s): 8000 (http) with context path ''
2025-03-25 23:35:21 [main] INFO  c.it.pkj.PartyPayManageApplication - Started PartyPayManageApplication in 2.038 seconds (process running for 2.491)
2025-03-25 23:35:33 [http-nio-8000-exec-1] INFO  o.a.c.c.C.[Tomcat].[localhost].[/] - Initializing Spring DispatcherServlet 'dispatcherServlet'
2025-03-25 23:35:33 [http-nio-8000-exec-1] INFO  o.s.web.servlet.DispatcherServlet - Initializing Servlet 'dispatcherServlet'
2025-03-25 23:35:33 [http-nio-8000-exec-1] INFO  o.s.web.servlet.DispatcherServlet - Completed initialization in 1 ms
2025-03-25 23:36:02 [http-nio-8000-exec-1] WARN  c.i.p.service.impl.LoginServiceImpl - Token eyJhbGciOiJIUzI1NiJ9.eyJzdWIiOiJsb2dpbiIsImp0aSI6IjVlNzk4ZGZhOTg1MDQ5M2JiZjZmNDE2OWQ5ODA3NmNmIiwiaWF0IjoxNzQyOTE2NDkyLCJleHAiOjE3NDI5MTgyOTIsInVzZXJPYmplY3QiOiJ7XCJpZFwiOjEsXCJ1c2VybmFtZVwiOlwiZGVuZ2ppZVwiLFwicGFzc3dvcmRcIjpcIjQ5YmE1OWFiYmU1NmUwNTdcIixcInVzZXJUeXBlXCI6XCJBRE1JTlwiLFwibWVtYmVySWRcIjpudWxsLFwibG9nZ2VkSW5cIjp0cnVlfSJ9.Y0wohUEGKVydgLu6g-ycEm6OzYLf-e-aCPG6zNJj16w 不存在于 Redis 中，无需移除
2025-03-25 23:37:19 [http-nio-8000-exec-4] DEBUG c.i.p.m.SystemUserMapper.selectList - ==>  Preparing: SELECT id,username,password,user_type,member_id FROM system_user WHERE (username = ?)
2025-03-25 23:37:19 [http-nio-8000-exec-4] DEBUG c.i.p.m.SystemUserMapper.selectList - ==> Parameters: dengjie(String)
2025-03-25 23:37:19 [http-nio-8000-exec-4] DEBUG c.i.p.m.SystemUserMapper.selectList - <==      Total: 1
2025-03-25 23:37:32 [http-nio-8000-exec-10] WARN  c.i.p.service.impl.LoginServiceImpl - Token eyJhbGciOiJIUzI1NiJ9.eyJzdWIiOiJsb2dpbiIsImp0aSI6IjMyYmRhMjgyOWY4MDQ0MTY5Yzg1ODczYTA3ODAwM2NjIiwiaWF0IjoxNzQyOTE3MDM5LCJleHAiOjE3NDI5MTg4MzksInVzZXJPYmplY3QiOiJ7XCJpZFwiOjEsXCJ1c2VybmFtZVwiOlwiZGVuZ2ppZVwiLFwicGFzc3dvcmRcIjpcIjQ5YmE1OWFiYmU1NmUwNTdcIixcInVzZXJUeXBlXCI6XCJBRE1JTlwiLFwibWVtYmVySWRcIjpudWxsLFwibG9nZ2VkSW5cIjp0cnVlfSJ9.YBllMAqbo29SK1JCsHU6spUUGQX33Qmi8bKi9YknWws 不存在于 Redis 中，无需移除
2025-03-25 23:37:38 [http-nio-8000-exec-9] DEBUG c.i.p.m.SystemUserMapper.selectList - ==>  Preparing: SELECT id,username,password,user_type,member_id FROM system_user WHERE (username = ?)
2025-03-25 23:37:38 [http-nio-8000-exec-9] DEBUG c.i.p.m.SystemUserMapper.selectList - ==> Parameters: dengjie(String)
2025-03-25 23:37:38 [http-nio-8000-exec-9] DEBUG c.i.p.m.SystemUserMapper.selectList - <==      Total: 1
2025-03-25 23:37:39 [http-nio-8000-exec-7] WARN  c.i.p.service.impl.LoginServiceImpl - Token eyJhbGciOiJIUzI1NiJ9.eyJzdWIiOiJsb2dpbiIsImp0aSI6IjM2NGI1NzllMmFhMDQ1YTlhNTdmN2E5MDNmMjMzZTM1IiwiaWF0IjoxNzQyOTE3MDU4LCJleHAiOjE3NDI5MTg4NTgsInVzZXJPYmplY3QiOiJ7XCJpZFwiOjEsXCJ1c2VybmFtZVwiOlwiZGVuZ2ppZVwiLFwicGFzc3dvcmRcIjpcIjQ5YmE1OWFiYmU1NmUwNTdcIixcInVzZXJUeXBlXCI6XCJBRE1JTlwiLFwibWVtYmVySWRcIjpudWxsLFwibG9nZ2VkSW5cIjp0cnVlfSJ9.x8DhJCP5ezqM2Ltn3R4ezo7L8jyvenpo_el0n1b9NvU 不存在于 Redis 中，无需移除
2025-03-25 23:37:54 [http-nio-8000-exec-8] DEBUG c.i.p.m.SystemUserMapper.selectList - ==>  Preparing: SELECT id,username,password,user_type,member_id FROM system_user WHERE (username = ?)
2025-03-25 23:37:54 [http-nio-8000-exec-8] DEBUG c.i.p.m.SystemUserMapper.selectList - ==> Parameters: dengjie(String)
2025-03-25 23:37:54 [http-nio-8000-exec-8] DEBUG c.i.p.m.SystemUserMapper.selectList - <==      Total: 1
2025-03-25 23:37:56 [http-nio-8000-exec-6] WARN  c.i.p.service.impl.LoginServiceImpl - Token eyJhbGciOiJIUzI1NiJ9.eyJzdWIiOiJsb2dpbiIsImp0aSI6IjY3MDY5MTJlMGViNTQ1MDNiNTM5NGE4NTZhMTQzYTk0IiwiaWF0IjoxNzQyOTE3MDc0LCJleHAiOjE3NDI5MTg4NzQsInVzZXJPYmplY3QiOiJ7XCJpZFwiOjEsXCJ1c2VybmFtZVwiOlwiZGVuZ2ppZVwiLFwicGFzc3dvcmRcIjpcIjQ5YmE1OWFiYmU1NmUwNTdcIixcInVzZXJUeXBlXCI6XCJBRE1JTlwiLFwibWVtYmVySWRcIjpudWxsLFwibG9nZ2VkSW5cIjp0cnVlfSJ9.BPeSh0SlftM931yDjKVbF95Zi4bLI8C3Ic0zzMsY1OI 不存在于 Redis 中，无需移除
2025-03-25 23:40:28 [SpringApplicationShutdownHook] INFO  o.s.o.j.LocalContainerEntityManagerFactoryBean - Closing JPA EntityManagerFactory for persistence unit 'default'
2025-03-25 23:40:28 [SpringApplicationShutdownHook] INFO  com.zaxxer.hikari.HikariDataSource - HikariPool-1 - Shutdown initiated...
2025-03-25 23:40:28 [SpringApplicationShutdownHook] INFO  com.zaxxer.hikari.HikariDataSource - HikariPool-1 - Shutdown completed.
