2025-03-30 23:14:52 [main] INFO  c.it.pkj.PartyPayManageApplication - Starting PartyPayManageApplication using Java 17.0.10 with PID 19408 (E:\demo\biye\partyPayManage\target\classes started by Administrator in E:\demo\biye\partyPayManage)
2025-03-30 23:14:52 [main] DEBUG c.it.pkj.PartyPayManageApplication - Running with Spring Boot v3.0.2, Spring v6.0.4
2025-03-30 23:14:52 [main] INFO  c.it.pkj.PartyPayManageApplication - No active profile set, falling back to 1 default profile: "default"
2025-03-30 23:14:53 [main] INFO  o.s.d.r.c.RepositoryConfigurationDelegate - Multiple Spring Data modules found, entering strict repository configuration mode
2025-03-30 23:14:53 [main] INFO  o.s.d.r.c.RepositoryConfigurationDelegate - Bootstrapping Spring Data JPA repositories in DEFAULT mode.
2025-03-30 23:14:53 [main] INFO  o.s.d.r.c.RepositoryConfigurationDelegate - Finished Spring Data repository scanning in 11 ms. Found 0 JPA repository interfaces.
2025-03-30 23:14:53 [main] INFO  o.s.d.r.c.RepositoryConfigurationDelegate - Multiple Spring Data modules found, entering strict repository configuration mode
2025-03-30 23:14:53 [main] INFO  o.s.d.r.c.RepositoryConfigurationDelegate - Bootstrapping Spring Data Redis repositories in DEFAULT mode.
2025-03-30 23:14:53 [main] INFO  o.s.d.r.c.RepositoryConfigurationDelegate - Finished Spring Data repository scanning in 2 ms. Found 0 Redis repository interfaces.
2025-03-30 23:14:53 [main] INFO  o.s.b.w.e.tomcat.TomcatWebServer - Tomcat initialized with port(s): 8000 (http)
2025-03-30 23:14:53 [main] INFO  o.a.coyote.http11.Http11NioProtocol - Initializing ProtocolHandler ["http-nio-8000"]
2025-03-30 23:14:53 [main] INFO  o.a.catalina.core.StandardService - Starting service [Tomcat]
2025-03-30 23:14:53 [main] INFO  o.a.catalina.core.StandardEngine - Starting Servlet engine: [Apache Tomcat/10.1.5]
2025-03-30 23:14:53 [main] INFO  o.a.c.c.C.[Tomcat].[localhost].[/] - Initializing Spring embedded WebApplicationContext
2025-03-30 23:14:53 [main] INFO  o.s.b.w.s.c.ServletWebServerApplicationContext - Root WebApplicationContext: initialization completed in 873 ms
2025-03-30 23:14:53 [main] INFO  o.h.jpa.internal.util.LogHelper - HHH000204: Processing PersistenceUnitInfo [name: default]
2025-03-30 23:14:53 [main] INFO  org.hibernate.Version - HHH000412: Hibernate ORM core version 6.1.6.Final
2025-03-30 23:14:54 [main] WARN  org.hibernate.orm.deprecation - HHH90000021: Encountered deprecated setting [javax.persistence.sharedCache.mode], use [jakarta.persistence.sharedCache.mode] instead
2025-03-30 23:14:54 [main] INFO  com.zaxxer.hikari.HikariDataSource - HikariPool-1 - Starting...
2025-03-30 23:14:54 [main] INFO  com.zaxxer.hikari.pool.HikariPool - HikariPool-1 - Added connection com.mysql.cj.jdbc.ConnectionImpl@58bad46f
2025-03-30 23:14:54 [main] INFO  com.zaxxer.hikari.HikariDataSource - HikariPool-1 - Start completed.
2025-03-30 23:14:54 [main] INFO  SQL dialect - HHH000400: Using dialect: org.hibernate.dialect.MySQLDialect
2025-03-30 23:14:54 [main] INFO  o.h.e.t.j.p.i.JtaPlatformInitiator - HHH000490: Using JtaPlatform implementation: [org.hibernate.engine.transaction.jta.platform.internal.NoJtaPlatform]
2025-03-30 23:14:54 [main] INFO  o.s.o.j.LocalContainerEntityManagerFactoryBean - Initialized JPA EntityManagerFactory for persistence unit 'default'
2025-03-30 23:14:55 [main] WARN  o.s.b.a.o.j.JpaBaseConfiguration$JpaWebConfiguration - spring.jpa.open-in-view is enabled by default. Therefore, database queries may be performed during view rendering. Explicitly configure spring.jpa.open-in-view to disable this warning
2025-03-30 23:14:55 [main] INFO  o.s.b.a.w.s.WelcomePageHandlerMapping - Adding welcome page: class path resource [static/index.html]
2025-03-30 23:14:55 [main] INFO  o.a.coyote.http11.Http11NioProtocol - Starting ProtocolHandler ["http-nio-8000"]
2025-03-30 23:14:55 [main] INFO  o.s.b.w.e.tomcat.TomcatWebServer - Tomcat started on port(s): 8000 (http) with context path ''
2025-03-30 23:14:55 [main] INFO  c.it.pkj.PartyPayManageApplication - Started PartyPayManageApplication in 2.658 seconds (process running for 3.213)
2025-03-30 23:14:59 [http-nio-8000-exec-1] INFO  o.a.c.c.C.[Tomcat].[localhost].[/] - Initializing Spring DispatcherServlet 'dispatcherServlet'
2025-03-30 23:14:59 [http-nio-8000-exec-1] INFO  o.s.web.servlet.DispatcherServlet - Initializing Servlet 'dispatcherServlet'
2025-03-30 23:14:59 [http-nio-8000-exec-1] INFO  o.s.web.servlet.DispatcherServlet - Completed initialization in 1 ms
2025-03-30 23:14:59 [http-nio-8000-exec-1] DEBUG c.i.p.m.SystemUserMapper.selectList - ==>  Preparing: SELECT id,username,password,user_type,member_id FROM system_user WHERE (username = ?)
2025-03-30 23:14:59 [http-nio-8000-exec-1] DEBUG c.i.p.m.SystemUserMapper.selectList - ==> Parameters: dengjie(String)
2025-03-30 23:14:59 [http-nio-8000-exec-1] DEBUG c.i.p.m.SystemUserMapper.selectList - <==      Total: 1
2025-03-30 23:15:52 [http-nio-8000-exec-2] DEBUG c.i.p.m.SystemUserMapper.selectList - ==>  Preparing: SELECT id,username,password,user_type,member_id FROM system_user WHERE (username = ?)
2025-03-30 23:15:52 [http-nio-8000-exec-2] DEBUG c.i.p.m.SystemUserMapper.selectList - ==> Parameters: dengjie(String)
2025-03-30 23:15:52 [http-nio-8000-exec-2] DEBUG c.i.p.m.SystemUserMapper.selectList - <==      Total: 1
2025-03-30 23:17:27 [http-nio-8000-exec-3] DEBUG c.i.p.m.SystemUserMapper.selectList - ==>  Preparing: SELECT id,username,password,user_type,member_id FROM system_user WHERE (username = ?)
2025-03-30 23:17:27 [http-nio-8000-exec-3] DEBUG c.i.p.m.SystemUserMapper.selectList - ==> Parameters: dengjie(String)
2025-03-30 23:17:27 [http-nio-8000-exec-3] DEBUG c.i.p.m.SystemUserMapper.selectList - <==      Total: 1
2025-03-30 23:19:04 [http-nio-8000-exec-4] DEBUG c.i.p.m.SystemUserMapper.selectList - ==>  Preparing: SELECT id,username,password,user_type,member_id FROM system_user WHERE (username = ?)
2025-03-30 23:19:04 [http-nio-8000-exec-4] DEBUG c.i.p.m.SystemUserMapper.selectList - ==> Parameters: dengjie(String)
2025-03-30 23:19:04 [http-nio-8000-exec-4] DEBUG c.i.p.m.SystemUserMapper.selectList - <==      Total: 1
2025-03-30 23:31:08 [SpringApplicationShutdownHook] INFO  o.s.o.j.LocalContainerEntityManagerFactoryBean - Closing JPA EntityManagerFactory for persistence unit 'default'
2025-03-30 23:31:08 [SpringApplicationShutdownHook] INFO  com.zaxxer.hikari.HikariDataSource - HikariPool-1 - Shutdown initiated...
2025-03-30 23:31:09 [SpringApplicationShutdownHook] INFO  com.zaxxer.hikari.HikariDataSource - HikariPool-1 - Shutdown completed.
