2025-03-31 20:53:29 [main] INFO  c.it.pkj.PartyPayManageApplication - Starting PartyPayManageApplication using Java 17.0.10 with PID 30824 (E:\demo\biye\partyPayManage\target\classes started by Administrator in E:\demo\biye\partyPayManage)
2025-03-31 20:53:29 [main] DEBUG c.it.pkj.PartyPayManageApplication - Running with Spring Boot v3.0.2, Spring v6.0.4
2025-03-31 20:53:29 [main] INFO  c.it.pkj.PartyPayManageApplication - No active profile set, falling back to 1 default profile: "default"
2025-03-31 20:53:30 [main] INFO  o.s.d.r.c.RepositoryConfigurationDelegate - Multiple Spring Data modules found, entering strict repository configuration mode
2025-03-31 20:53:30 [main] INFO  o.s.d.r.c.RepositoryConfigurationDelegate - Bootstrapping Spring Data JPA repositories in DEFAULT mode.
2025-03-31 20:53:30 [main] INFO  o.s.d.r.c.RepositoryConfigurationDelegate - Finished Spring Data repository scanning in 11 ms. Found 0 JPA repository interfaces.
2025-03-31 20:53:30 [main] INFO  o.s.d.r.c.RepositoryConfigurationDelegate - Multiple Spring Data modules found, entering strict repository configuration mode
2025-03-31 20:53:30 [main] INFO  o.s.d.r.c.RepositoryConfigurationDelegate - Bootstrapping Spring Data Redis repositories in DEFAULT mode.
2025-03-31 20:53:30 [main] INFO  o.s.d.r.c.RepositoryConfigurationDelegate - Finished Spring Data repository scanning in 2 ms. Found 0 Redis repository interfaces.
2025-03-31 20:53:30 [main] INFO  o.s.b.w.e.tomcat.TomcatWebServer - Tomcat initialized with port(s): 8000 (http)
2025-03-31 20:53:30 [main] INFO  o.a.coyote.http11.Http11NioProtocol - Initializing ProtocolHandler ["http-nio-8000"]
2025-03-31 20:53:30 [main] INFO  o.a.catalina.core.StandardService - Starting service [Tomcat]
2025-03-31 20:53:30 [main] INFO  o.a.catalina.core.StandardEngine - Starting Servlet engine: [Apache Tomcat/10.1.5]
2025-03-31 20:53:30 [main] INFO  o.a.c.c.C.[Tomcat].[localhost].[/] - Initializing Spring embedded WebApplicationContext
2025-03-31 20:53:30 [main] INFO  o.s.b.w.s.c.ServletWebServerApplicationContext - Root WebApplicationContext: initialization completed in 893 ms
2025-03-31 20:53:30 [main] INFO  o.h.jpa.internal.util.LogHelper - HHH000204: Processing PersistenceUnitInfo [name: default]
2025-03-31 20:53:30 [main] INFO  org.hibernate.Version - HHH000412: Hibernate ORM core version 6.1.6.Final
2025-03-31 20:53:30 [main] WARN  org.hibernate.orm.deprecation - HHH90000021: Encountered deprecated setting [javax.persistence.sharedCache.mode], use [jakarta.persistence.sharedCache.mode] instead
2025-03-31 20:53:30 [main] INFO  com.zaxxer.hikari.HikariDataSource - HikariPool-1 - Starting...
2025-03-31 20:53:30 [main] INFO  com.zaxxer.hikari.pool.HikariPool - HikariPool-1 - Added connection com.mysql.cj.jdbc.ConnectionImpl@7c0e4e4e
2025-03-31 20:53:30 [main] INFO  com.zaxxer.hikari.HikariDataSource - HikariPool-1 - Start completed.
2025-03-31 20:53:31 [main] INFO  SQL dialect - HHH000400: Using dialect: org.hibernate.dialect.MySQLDialect
2025-03-31 20:53:31 [main] INFO  o.h.e.t.j.p.i.JtaPlatformInitiator - HHH000490: Using JtaPlatform implementation: [org.hibernate.engine.transaction.jta.platform.internal.NoJtaPlatform]
2025-03-31 20:53:31 [main] INFO  o.s.o.j.LocalContainerEntityManagerFactoryBean - Initialized JPA EntityManagerFactory for persistence unit 'default'
2025-03-31 20:53:31 [main] WARN  o.s.b.a.o.j.JpaBaseConfiguration$JpaWebConfiguration - spring.jpa.open-in-view is enabled by default. Therefore, database queries may be performed during view rendering. Explicitly configure spring.jpa.open-in-view to disable this warning
2025-03-31 20:53:31 [main] INFO  o.s.b.a.w.s.WelcomePageHandlerMapping - Adding welcome page: class path resource [static/index.html]
2025-03-31 20:53:31 [main] INFO  o.a.coyote.http11.Http11NioProtocol - Starting ProtocolHandler ["http-nio-8000"]
2025-03-31 20:53:31 [main] INFO  o.s.b.w.e.tomcat.TomcatWebServer - Tomcat started on port(s): 8000 (http) with context path ''
2025-03-31 20:53:31 [main] INFO  c.it.pkj.PartyPayManageApplication - Started PartyPayManageApplication in 2.644 seconds (process running for 3.251)
2025-03-31 20:53:37 [http-nio-8000-exec-1] INFO  o.a.c.c.C.[Tomcat].[localhost].[/] - Initializing Spring DispatcherServlet 'dispatcherServlet'
2025-03-31 20:53:37 [http-nio-8000-exec-1] INFO  o.s.web.servlet.DispatcherServlet - Initializing Servlet 'dispatcherServlet'
2025-03-31 20:53:37 [http-nio-8000-exec-1] INFO  o.s.web.servlet.DispatcherServlet - Completed initialization in 0 ms
2025-03-31 20:53:38 [http-nio-8000-exec-1] DEBUG c.i.p.m.SystemUserMapper.selectList - ==>  Preparing: SELECT id,username,password,user_type,member_id FROM system_user WHERE (username = ?)
2025-03-31 20:53:38 [http-nio-8000-exec-1] DEBUG c.i.p.m.SystemUserMapper.selectList - ==> Parameters: dengjie(String)
2025-03-31 20:53:38 [http-nio-8000-exec-1] DEBUG c.i.p.m.SystemUserMapper.selectList - <==      Total: 1
2025-03-31 21:27:20 [http-nio-8000-exec-2] DEBUG c.i.p.m.SystemUserMapper.selectList - ==>  Preparing: SELECT id,username,password,user_type,member_id FROM system_user WHERE (username = ?)
2025-03-31 21:27:20 [http-nio-8000-exec-2] DEBUG c.i.p.m.SystemUserMapper.selectList - ==> Parameters: dengjie(String)
2025-03-31 21:27:20 [http-nio-8000-exec-2] DEBUG c.i.p.m.SystemUserMapper.selectList - <==      Total: 1
2025-03-31 21:42:16 [http-nio-8000-exec-6] DEBUG c.i.p.m.SystemUserMapper.selectList - ==>  Preparing: SELECT id,username,password,user_type,member_id FROM system_user WHERE (username = ?)
2025-03-31 21:42:16 [http-nio-8000-exec-6] DEBUG c.i.p.m.SystemUserMapper.selectList - ==> Parameters: dengjie(String)
2025-03-31 21:42:16 [http-nio-8000-exec-6] DEBUG c.i.p.m.SystemUserMapper.selectList - <==      Total: 1
2025-03-31 21:42:36 [SpringApplicationShutdownHook] INFO  o.s.o.j.LocalContainerEntityManagerFactoryBean - Closing JPA EntityManagerFactory for persistence unit 'default'
2025-03-31 21:42:36 [SpringApplicationShutdownHook] INFO  com.zaxxer.hikari.HikariDataSource - HikariPool-1 - Shutdown initiated...
2025-03-31 21:42:36 [SpringApplicationShutdownHook] INFO  com.zaxxer.hikari.HikariDataSource - HikariPool-1 - Shutdown completed.
2025-03-31 21:42:38 [main] INFO  c.it.pkj.PartyPayManageApplication - Starting PartyPayManageApplication using Java 17.0.10 with PID 18724 (E:\demo\biye\partyPayManage\target\classes started by Administrator in E:\demo\biye\partyPayManage)
2025-03-31 21:42:38 [main] DEBUG c.it.pkj.PartyPayManageApplication - Running with Spring Boot v3.0.2, Spring v6.0.4
2025-03-31 21:42:38 [main] INFO  c.it.pkj.PartyPayManageApplication - No active profile set, falling back to 1 default profile: "default"
2025-03-31 21:42:39 [main] INFO  o.s.d.r.c.RepositoryConfigurationDelegate - Multiple Spring Data modules found, entering strict repository configuration mode
2025-03-31 21:42:39 [main] INFO  o.s.d.r.c.RepositoryConfigurationDelegate - Bootstrapping Spring Data JPA repositories in DEFAULT mode.
2025-03-31 21:42:39 [main] INFO  o.s.d.r.c.RepositoryConfigurationDelegate - Finished Spring Data repository scanning in 9 ms. Found 0 JPA repository interfaces.
2025-03-31 21:42:39 [main] INFO  o.s.d.r.c.RepositoryConfigurationDelegate - Multiple Spring Data modules found, entering strict repository configuration mode
2025-03-31 21:42:39 [main] INFO  o.s.d.r.c.RepositoryConfigurationDelegate - Bootstrapping Spring Data Redis repositories in DEFAULT mode.
2025-03-31 21:42:39 [main] INFO  o.s.d.r.c.RepositoryConfigurationDelegate - Finished Spring Data repository scanning in 5 ms. Found 0 Redis repository interfaces.
2025-03-31 21:42:39 [main] INFO  o.s.b.w.e.tomcat.TomcatWebServer - Tomcat initialized with port(s): 8000 (http)
2025-03-31 21:42:39 [main] INFO  o.a.coyote.http11.Http11NioProtocol - Initializing ProtocolHandler ["http-nio-8000"]
2025-03-31 21:42:39 [main] INFO  o.a.catalina.core.StandardService - Starting service [Tomcat]
2025-03-31 21:42:39 [main] INFO  o.a.catalina.core.StandardEngine - Starting Servlet engine: [Apache Tomcat/10.1.5]
2025-03-31 21:42:39 [main] INFO  o.a.c.c.C.[Tomcat].[localhost].[/] - Initializing Spring embedded WebApplicationContext
2025-03-31 21:42:39 [main] INFO  o.s.b.w.s.c.ServletWebServerApplicationContext - Root WebApplicationContext: initialization completed in 688 ms
2025-03-31 21:42:39 [main] INFO  o.h.jpa.internal.util.LogHelper - HHH000204: Processing PersistenceUnitInfo [name: default]
2025-03-31 21:42:39 [main] INFO  org.hibernate.Version - HHH000412: Hibernate ORM core version 6.1.6.Final
2025-03-31 21:42:39 [main] WARN  org.hibernate.orm.deprecation - HHH90000021: Encountered deprecated setting [javax.persistence.sharedCache.mode], use [jakarta.persistence.sharedCache.mode] instead
2025-03-31 21:42:39 [main] INFO  com.zaxxer.hikari.HikariDataSource - HikariPool-1 - Starting...
2025-03-31 21:42:39 [main] INFO  com.zaxxer.hikari.pool.HikariPool - HikariPool-1 - Added connection com.mysql.cj.jdbc.ConnectionImpl@75bf9e67
2025-03-31 21:42:39 [main] INFO  com.zaxxer.hikari.HikariDataSource - HikariPool-1 - Start completed.
2025-03-31 21:42:39 [main] INFO  SQL dialect - HHH000400: Using dialect: org.hibernate.dialect.MySQLDialect
2025-03-31 21:42:40 [main] INFO  o.h.e.t.j.p.i.JtaPlatformInitiator - HHH000490: Using JtaPlatform implementation: [org.hibernate.engine.transaction.jta.platform.internal.NoJtaPlatform]
2025-03-31 21:42:40 [main] INFO  o.s.o.j.LocalContainerEntityManagerFactoryBean - Initialized JPA EntityManagerFactory for persistence unit 'default'
2025-03-31 21:42:40 [main] WARN  o.s.b.a.o.j.JpaBaseConfiguration$JpaWebConfiguration - spring.jpa.open-in-view is enabled by default. Therefore, database queries may be performed during view rendering. Explicitly configure spring.jpa.open-in-view to disable this warning
2025-03-31 21:42:40 [main] INFO  o.s.b.a.w.s.WelcomePageHandlerMapping - Adding welcome page: class path resource [static/index.html]
2025-03-31 21:42:40 [main] INFO  o.a.coyote.http11.Http11NioProtocol - Starting ProtocolHandler ["http-nio-8000"]
2025-03-31 21:42:40 [main] INFO  o.s.b.w.e.tomcat.TomcatWebServer - Tomcat started on port(s): 8000 (http) with context path ''
2025-03-31 21:42:40 [main] INFO  c.it.pkj.PartyPayManageApplication - Started PartyPayManageApplication in 2.03 seconds (process running for 2.775)
2025-03-31 21:42:49 [http-nio-8000-exec-1] INFO  o.a.c.c.C.[Tomcat].[localhost].[/] - Initializing Spring DispatcherServlet 'dispatcherServlet'
2025-03-31 21:42:49 [http-nio-8000-exec-1] INFO  o.s.web.servlet.DispatcherServlet - Initializing Servlet 'dispatcherServlet'
2025-03-31 21:42:49 [http-nio-8000-exec-1] INFO  o.s.web.servlet.DispatcherServlet - Completed initialization in 1 ms
2025-03-31 21:43:06 [http-nio-8000-exec-2] DEBUG c.i.p.m.SystemUserMapper.selectList - ==>  Preparing: SELECT id,username,password,user_type,member_id FROM system_user WHERE (username = ?)
2025-03-31 21:43:06 [http-nio-8000-exec-2] DEBUG c.i.p.m.SystemUserMapper.selectList - ==> Parameters: dengjie(String)
2025-03-31 21:43:06 [http-nio-8000-exec-2] DEBUG c.i.p.m.SystemUserMapper.selectList - <==      Total: 1
2025-03-31 21:43:27 [SpringApplicationShutdownHook] INFO  o.s.o.j.LocalContainerEntityManagerFactoryBean - Closing JPA EntityManagerFactory for persistence unit 'default'
2025-03-31 21:43:27 [SpringApplicationShutdownHook] INFO  com.zaxxer.hikari.HikariDataSource - HikariPool-1 - Shutdown initiated...
2025-03-31 21:43:27 [SpringApplicationShutdownHook] INFO  com.zaxxer.hikari.HikariDataSource - HikariPool-1 - Shutdown completed.
2025-03-31 21:46:14 [main] INFO  c.it.pkj.PartyPayManageApplication - Starting PartyPayManageApplication using Java 17.0.10 with PID 7048 (E:\demo\biye\partyPayManage\target\classes started by Administrator in E:\demo\biye\partyPayManage)
2025-03-31 21:46:14 [main] DEBUG c.it.pkj.PartyPayManageApplication - Running with Spring Boot v3.0.2, Spring v6.0.4
2025-03-31 21:46:14 [main] INFO  c.it.pkj.PartyPayManageApplication - No active profile set, falling back to 1 default profile: "default"
2025-03-31 21:46:14 [main] INFO  o.s.d.r.c.RepositoryConfigurationDelegate - Multiple Spring Data modules found, entering strict repository configuration mode
2025-03-31 21:46:14 [main] INFO  o.s.d.r.c.RepositoryConfigurationDelegate - Bootstrapping Spring Data JPA repositories in DEFAULT mode.
2025-03-31 21:46:14 [main] INFO  o.s.d.r.c.RepositoryConfigurationDelegate - Finished Spring Data repository scanning in 11 ms. Found 0 JPA repository interfaces.
2025-03-31 21:46:14 [main] INFO  o.s.d.r.c.RepositoryConfigurationDelegate - Multiple Spring Data modules found, entering strict repository configuration mode
2025-03-31 21:46:14 [main] INFO  o.s.d.r.c.RepositoryConfigurationDelegate - Bootstrapping Spring Data Redis repositories in DEFAULT mode.
2025-03-31 21:46:14 [main] INFO  o.s.d.r.c.RepositoryConfigurationDelegate - Finished Spring Data repository scanning in 2 ms. Found 0 Redis repository interfaces.
2025-03-31 21:46:14 [main] INFO  o.s.b.w.e.tomcat.TomcatWebServer - Tomcat initialized with port(s): 8000 (http)
2025-03-31 21:46:14 [main] INFO  o.a.coyote.http11.Http11NioProtocol - Initializing ProtocolHandler ["http-nio-8000"]
2025-03-31 21:46:14 [main] INFO  o.a.catalina.core.StandardService - Starting service [Tomcat]
2025-03-31 21:46:14 [main] INFO  o.a.catalina.core.StandardEngine - Starting Servlet engine: [Apache Tomcat/10.1.5]
2025-03-31 21:46:14 [main] INFO  o.a.c.c.C.[Tomcat].[localhost].[/] - Initializing Spring embedded WebApplicationContext
2025-03-31 21:46:14 [main] INFO  o.s.b.w.s.c.ServletWebServerApplicationContext - Root WebApplicationContext: initialization completed in 671 ms
2025-03-31 21:46:15 [main] INFO  o.h.jpa.internal.util.LogHelper - HHH000204: Processing PersistenceUnitInfo [name: default]
2025-03-31 21:46:15 [main] INFO  org.hibernate.Version - HHH000412: Hibernate ORM core version 6.1.6.Final
2025-03-31 21:46:15 [main] WARN  org.hibernate.orm.deprecation - HHH90000021: Encountered deprecated setting [javax.persistence.sharedCache.mode], use [jakarta.persistence.sharedCache.mode] instead
2025-03-31 21:46:15 [main] INFO  com.zaxxer.hikari.HikariDataSource - HikariPool-1 - Starting...
2025-03-31 21:46:15 [main] INFO  com.zaxxer.hikari.pool.HikariPool - HikariPool-1 - Added connection com.mysql.cj.jdbc.ConnectionImpl@55b62db8
2025-03-31 21:46:15 [main] INFO  com.zaxxer.hikari.HikariDataSource - HikariPool-1 - Start completed.
2025-03-31 21:46:15 [main] INFO  SQL dialect - HHH000400: Using dialect: org.hibernate.dialect.MySQLDialect
2025-03-31 21:46:15 [main] INFO  o.h.e.t.j.p.i.JtaPlatformInitiator - HHH000490: Using JtaPlatform implementation: [org.hibernate.engine.transaction.jta.platform.internal.NoJtaPlatform]
2025-03-31 21:46:15 [main] INFO  o.s.o.j.LocalContainerEntityManagerFactoryBean - Initialized JPA EntityManagerFactory for persistence unit 'default'
2025-03-31 21:46:15 [main] WARN  o.s.b.a.o.j.JpaBaseConfiguration$JpaWebConfiguration - spring.jpa.open-in-view is enabled by default. Therefore, database queries may be performed during view rendering. Explicitly configure spring.jpa.open-in-view to disable this warning
2025-03-31 21:46:15 [main] INFO  o.s.b.a.w.s.WelcomePageHandlerMapping - Adding welcome page: class path resource [static/index.html]
2025-03-31 21:46:16 [main] INFO  o.a.coyote.http11.Http11NioProtocol - Starting ProtocolHandler ["http-nio-8000"]
2025-03-31 21:46:16 [main] INFO  o.s.b.w.e.tomcat.TomcatWebServer - Tomcat started on port(s): 8000 (http) with context path ''
2025-03-31 21:46:16 [main] INFO  c.it.pkj.PartyPayManageApplication - Started PartyPayManageApplication in 2.0 seconds (process running for 2.504)
2025-03-31 21:48:33 [http-nio-8000-exec-1] INFO  o.a.c.c.C.[Tomcat].[localhost].[/] - Initializing Spring DispatcherServlet 'dispatcherServlet'
2025-03-31 21:48:33 [http-nio-8000-exec-1] INFO  o.s.web.servlet.DispatcherServlet - Initializing Servlet 'dispatcherServlet'
2025-03-31 21:48:33 [http-nio-8000-exec-1] INFO  o.s.web.servlet.DispatcherServlet - Completed initialization in 0 ms
2025-03-31 21:48:33 [http-nio-8000-exec-1] DEBUG c.i.p.m.SystemUserMapper.selectList - ==>  Preparing: SELECT id,username,password,user_type,member_id FROM system_user WHERE (username = ?)
2025-03-31 21:48:34 [http-nio-8000-exec-1] DEBUG c.i.p.m.SystemUserMapper.selectList - ==> Parameters: dengjie(String)
2025-03-31 21:48:34 [http-nio-8000-exec-1] DEBUG c.i.p.m.SystemUserMapper.selectList - <==      Total: 1
2025-03-31 21:48:35 [http-nio-8000-exec-2] DEBUG c.i.p.m.SystemUserMapper.selectList - ==>  Preparing: SELECT id,username,password,user_type,member_id FROM system_user WHERE (username = ?)
2025-03-31 21:48:35 [http-nio-8000-exec-2] DEBUG c.i.p.m.SystemUserMapper.selectList - ==> Parameters: dengjie(String)
2025-03-31 21:48:35 [http-nio-8000-exec-2] DEBUG c.i.p.m.SystemUserMapper.selectList - <==      Total: 1
2025-03-31 21:48:59 [http-nio-8000-exec-5] DEBUG c.i.p.m.SystemUserMapper.selectList - ==>  Preparing: SELECT id,username,password,user_type,member_id FROM system_user WHERE (username = ?)
2025-03-31 21:48:59 [http-nio-8000-exec-5] DEBUG c.i.p.m.SystemUserMapper.selectList - ==> Parameters: dengjie(String)
2025-03-31 21:48:59 [http-nio-8000-exec-5] DEBUG c.i.p.m.SystemUserMapper.selectList - <==      Total: 1
2025-03-31 21:49:02 [http-nio-8000-exec-7] DEBUG c.i.p.m.SystemUserMapper.selectList - ==>  Preparing: SELECT id,username,password,user_type,member_id FROM system_user WHERE (username = ?)
2025-03-31 21:49:02 [http-nio-8000-exec-7] DEBUG c.i.p.m.SystemUserMapper.selectList - ==> Parameters: dengjie(String)
2025-03-31 21:49:02 [http-nio-8000-exec-7] DEBUG c.i.p.m.SystemUserMapper.selectList - <==      Total: 1
2025-03-31 21:49:02 [http-nio-8000-exec-4] DEBUG c.i.p.m.SystemUserMapper.selectList - ==>  Preparing: SELECT id,username,password,user_type,member_id FROM system_user WHERE (username = ?)
2025-03-31 21:49:02 [http-nio-8000-exec-4] DEBUG c.i.p.m.SystemUserMapper.selectList - ==> Parameters: dengjie(String)
2025-03-31 21:49:02 [http-nio-8000-exec-4] DEBUG c.i.p.m.SystemUserMapper.selectList - <==      Total: 1
2025-03-31 21:49:13 [SpringApplicationShutdownHook] INFO  o.s.o.j.LocalContainerEntityManagerFactoryBean - Closing JPA EntityManagerFactory for persistence unit 'default'
2025-03-31 21:49:13 [SpringApplicationShutdownHook] INFO  com.zaxxer.hikari.HikariDataSource - HikariPool-1 - Shutdown initiated...
2025-03-31 21:49:13 [SpringApplicationShutdownHook] INFO  com.zaxxer.hikari.HikariDataSource - HikariPool-1 - Shutdown completed.
2025-03-31 21:49:34 [main] INFO  c.it.pkj.PartyPayManageApplication - Starting PartyPayManageApplication using Java 17.0.10 with PID 27692 (E:\demo\biye\partyPayManage\target\classes started by Administrator in E:\demo\biye\partyPayManage)
2025-03-31 21:49:34 [main] DEBUG c.it.pkj.PartyPayManageApplication - Running with Spring Boot v3.0.2, Spring v6.0.4
2025-03-31 21:49:34 [main] INFO  c.it.pkj.PartyPayManageApplication - No active profile set, falling back to 1 default profile: "default"
2025-03-31 21:49:35 [main] INFO  o.s.d.r.c.RepositoryConfigurationDelegate - Multiple Spring Data modules found, entering strict repository configuration mode
2025-03-31 21:49:35 [main] INFO  o.s.d.r.c.RepositoryConfigurationDelegate - Bootstrapping Spring Data JPA repositories in DEFAULT mode.
2025-03-31 21:49:35 [main] INFO  o.s.d.r.c.RepositoryConfigurationDelegate - Finished Spring Data repository scanning in 9 ms. Found 0 JPA repository interfaces.
2025-03-31 21:49:35 [main] INFO  o.s.d.r.c.RepositoryConfigurationDelegate - Multiple Spring Data modules found, entering strict repository configuration mode
2025-03-31 21:49:35 [main] INFO  o.s.d.r.c.RepositoryConfigurationDelegate - Bootstrapping Spring Data Redis repositories in DEFAULT mode.
2025-03-31 21:49:35 [main] INFO  o.s.d.r.c.RepositoryConfigurationDelegate - Finished Spring Data repository scanning in 2 ms. Found 0 Redis repository interfaces.
2025-03-31 21:49:35 [main] INFO  o.s.b.w.e.tomcat.TomcatWebServer - Tomcat initialized with port(s): 8000 (http)
2025-03-31 21:49:35 [main] INFO  o.a.coyote.http11.Http11NioProtocol - Initializing ProtocolHandler ["http-nio-8000"]
2025-03-31 21:49:35 [main] INFO  o.a.catalina.core.StandardService - Starting service [Tomcat]
2025-03-31 21:49:35 [main] INFO  o.a.catalina.core.StandardEngine - Starting Servlet engine: [Apache Tomcat/10.1.5]
2025-03-31 21:49:35 [main] INFO  o.a.c.c.C.[Tomcat].[localhost].[/] - Initializing Spring embedded WebApplicationContext
2025-03-31 21:49:35 [main] INFO  o.s.b.w.s.c.ServletWebServerApplicationContext - Root WebApplicationContext: initialization completed in 615 ms
2025-03-31 21:49:35 [main] INFO  o.h.jpa.internal.util.LogHelper - HHH000204: Processing PersistenceUnitInfo [name: default]
2025-03-31 21:49:35 [main] INFO  org.hibernate.Version - HHH000412: Hibernate ORM core version 6.1.6.Final
2025-03-31 21:49:35 [main] WARN  org.hibernate.orm.deprecation - HHH90000021: Encountered deprecated setting [javax.persistence.sharedCache.mode], use [jakarta.persistence.sharedCache.mode] instead
2025-03-31 21:49:35 [main] INFO  com.zaxxer.hikari.HikariDataSource - HikariPool-1 - Starting...
2025-03-31 21:49:35 [main] INFO  com.zaxxer.hikari.pool.HikariPool - HikariPool-1 - Added connection com.mysql.cj.jdbc.ConnectionImpl@35b3c1f6
2025-03-31 21:49:35 [main] INFO  com.zaxxer.hikari.HikariDataSource - HikariPool-1 - Start completed.
2025-03-31 21:49:35 [main] INFO  SQL dialect - HHH000400: Using dialect: org.hibernate.dialect.MySQLDialect
2025-03-31 21:49:36 [main] INFO  o.h.e.t.j.p.i.JtaPlatformInitiator - HHH000490: Using JtaPlatform implementation: [org.hibernate.engine.transaction.jta.platform.internal.NoJtaPlatform]
2025-03-31 21:49:36 [main] INFO  o.s.o.j.LocalContainerEntityManagerFactoryBean - Initialized JPA EntityManagerFactory for persistence unit 'default'
2025-03-31 21:49:36 [main] WARN  o.s.b.a.o.j.JpaBaseConfiguration$JpaWebConfiguration - spring.jpa.open-in-view is enabled by default. Therefore, database queries may be performed during view rendering. Explicitly configure spring.jpa.open-in-view to disable this warning
2025-03-31 21:49:36 [main] INFO  o.s.b.a.w.s.WelcomePageHandlerMapping - Adding welcome page: class path resource [static/index.html]
2025-03-31 21:49:36 [main] INFO  o.a.coyote.http11.Http11NioProtocol - Starting ProtocolHandler ["http-nio-8000"]
2025-03-31 21:49:36 [main] INFO  o.s.b.w.e.tomcat.TomcatWebServer - Tomcat started on port(s): 8000 (http) with context path ''
2025-03-31 21:49:36 [main] INFO  c.it.pkj.PartyPayManageApplication - Started PartyPayManageApplication in 1.861 seconds (process running for 2.228)
2025-03-31 21:49:38 [http-nio-8000-exec-1] INFO  o.a.c.c.C.[Tomcat].[localhost].[/] - Initializing Spring DispatcherServlet 'dispatcherServlet'
2025-03-31 21:49:38 [http-nio-8000-exec-1] INFO  o.s.web.servlet.DispatcherServlet - Initializing Servlet 'dispatcherServlet'
2025-03-31 21:49:38 [http-nio-8000-exec-1] INFO  o.s.web.servlet.DispatcherServlet - Completed initialization in 1 ms
2025-03-31 21:49:38 [http-nio-8000-exec-1] DEBUG c.i.p.m.SystemUserMapper.selectList - ==>  Preparing: SELECT id,username,password,user_type,member_id FROM system_user WHERE (username = ?)
2025-03-31 21:49:38 [http-nio-8000-exec-1] DEBUG c.i.p.m.SystemUserMapper.selectList - ==> Parameters: dengjie(String)
2025-03-31 21:49:38 [http-nio-8000-exec-1] DEBUG c.i.p.m.SystemUserMapper.selectList - <==      Total: 1
2025-03-31 21:49:41 [http-nio-8000-exec-2] WARN  o.s.c.LocalVariableTableParameterNameDiscoverer - Using deprecated '-debug' fallback for parameter name resolution. Compile the affected code with '-parameters' instead or avoid its introspection: com.it.pkj.controller.PartyMemberController
2025-03-31 21:49:41 [http-nio-8000-exec-2] DEBUG c.i.p.m.P.selectPartyMembersWithProvince_mpCount - ==>  Preparing: SELECT COUNT(*) AS total FROM party_member pm
2025-03-31 21:49:41 [http-nio-8000-exec-2] DEBUG c.i.p.m.P.selectPartyMembersWithProvince_mpCount - ==> Parameters: 
2025-03-31 21:49:41 [http-nio-8000-exec-2] DEBUG c.i.p.m.P.selectPartyMembersWithProvince_mpCount - <==      Total: 1
2025-03-31 21:49:41 [http-nio-8000-exec-2] DEBUG c.i.p.m.P.selectPartyMembersWithProvince - ==>  Preparing: SELECT pm.id, pm.name, pm.gender, pm.age, pm.join_party_time, pm.phone, pm.email, pm.organization_type, p.province_name FROM party_member pm LEFT JOIN province p ON pm.province_id = p.id LIMIT ?
2025-03-31 21:49:41 [http-nio-8000-exec-2] DEBUG c.i.p.m.P.selectPartyMembersWithProvince - ==> Parameters: 10(Long)
2025-03-31 21:49:41 [http-nio-8000-exec-2] DEBUG c.i.p.m.P.selectPartyMembersWithProvince - <==      Total: 1
2025-03-31 21:49:53 [http-nio-8000-exec-3] DEBUG c.i.p.m.SystemUserMapper.selectList - ==>  Preparing: SELECT id,username,password,user_type,member_id FROM system_user WHERE (username = ?)
2025-03-31 21:49:53 [http-nio-8000-exec-3] DEBUG c.i.p.m.SystemUserMapper.selectList - ==> Parameters: dengjie(String)
2025-03-31 21:49:53 [http-nio-8000-exec-3] DEBUG c.i.p.m.SystemUserMapper.selectList - <==      Total: 1
2025-03-31 21:51:48 [http-nio-8000-exec-8] DEBUG c.i.p.m.SystemUserMapper.selectList - ==>  Preparing: SELECT id,username,password,user_type,member_id FROM system_user WHERE (username = ?)
2025-03-31 21:51:48 [http-nio-8000-exec-8] DEBUG c.i.p.m.SystemUserMapper.selectList - ==> Parameters: dengjie(String)
2025-03-31 21:51:48 [http-nio-8000-exec-8] DEBUG c.i.p.m.SystemUserMapper.selectList - <==      Total: 1
2025-03-31 21:54:52 [http-nio-8000-exec-5] DEBUG c.i.p.m.SystemUserMapper.selectList - ==>  Preparing: SELECT id,username,password,user_type,member_id FROM system_user WHERE (username = ?)
2025-03-31 21:54:52 [http-nio-8000-exec-5] DEBUG c.i.p.m.SystemUserMapper.selectList - ==> Parameters: dengjie(String)
2025-03-31 21:54:52 [http-nio-8000-exec-5] DEBUG c.i.p.m.SystemUserMapper.selectList - <==      Total: 1
2025-03-31 21:55:20 [http-nio-8000-exec-7] DEBUG c.i.p.m.SystemUserMapper.selectList - ==>  Preparing: SELECT id,username,password,user_type,member_id FROM system_user WHERE (username = ?)
2025-03-31 21:55:20 [http-nio-8000-exec-7] DEBUG c.i.p.m.SystemUserMapper.selectList - ==> Parameters: dengjie(String)
2025-03-31 21:55:20 [http-nio-8000-exec-7] DEBUG c.i.p.m.SystemUserMapper.selectList - <==      Total: 1
2025-03-31 21:55:49 [http-nio-8000-exec-4] DEBUG c.i.p.m.SystemUserMapper.selectList - ==>  Preparing: SELECT id,username,password,user_type,member_id FROM system_user WHERE (username = ?)
2025-03-31 21:55:49 [http-nio-8000-exec-4] DEBUG c.i.p.m.SystemUserMapper.selectList - ==> Parameters: dengjie(String)
2025-03-31 21:55:49 [http-nio-8000-exec-4] DEBUG c.i.p.m.SystemUserMapper.selectList - <==      Total: 1
2025-03-31 21:56:08 [http-nio-8000-exec-9] DEBUG c.i.p.m.SystemUserMapper.selectList - ==>  Preparing: SELECT id,username,password,user_type,member_id FROM system_user WHERE (username = ?)
2025-03-31 21:56:08 [http-nio-8000-exec-9] DEBUG c.i.p.m.SystemUserMapper.selectList - ==> Parameters: dengjie(String)
2025-03-31 21:56:08 [http-nio-8000-exec-9] DEBUG c.i.p.m.SystemUserMapper.selectList - <==      Total: 1
2025-03-31 21:56:14 [http-nio-8000-exec-10] DEBUG c.i.p.m.SystemUserMapper.selectList - ==>  Preparing: SELECT id,username,password,user_type,member_id FROM system_user WHERE (username = ?)
2025-03-31 21:56:14 [http-nio-8000-exec-10] DEBUG c.i.p.m.SystemUserMapper.selectList - ==> Parameters: dengjie(String)
2025-03-31 21:56:14 [http-nio-8000-exec-10] DEBUG c.i.p.m.SystemUserMapper.selectList - <==      Total: 1
2025-03-31 21:59:14 [http-nio-8000-exec-6] DEBUG c.i.p.m.SystemUserMapper.selectList - ==>  Preparing: SELECT id,username,password,user_type,member_id FROM system_user WHERE (username = ?)
2025-03-31 21:59:14 [http-nio-8000-exec-6] DEBUG c.i.p.m.SystemUserMapper.selectList - ==> Parameters: dengjie(String)
2025-03-31 21:59:14 [http-nio-8000-exec-6] DEBUG c.i.p.m.SystemUserMapper.selectList - <==      Total: 1
2025-03-31 21:59:20 [http-nio-8000-exec-1] DEBUG c.i.p.m.SystemUserMapper.selectList - ==>  Preparing: SELECT id,username,password,user_type,member_id FROM system_user WHERE (username = ?)
2025-03-31 21:59:20 [http-nio-8000-exec-1] DEBUG c.i.p.m.SystemUserMapper.selectList - ==> Parameters: dengjie(String)
2025-03-31 21:59:20 [http-nio-8000-exec-1] DEBUG c.i.p.m.SystemUserMapper.selectList - <==      Total: 1
2025-03-31 21:59:25 [http-nio-8000-exec-2] DEBUG c.i.p.m.SystemUserMapper.selectList - ==>  Preparing: SELECT id,username,password,user_type,member_id FROM system_user WHERE (username = ?)
2025-03-31 21:59:25 [http-nio-8000-exec-2] DEBUG c.i.p.m.SystemUserMapper.selectList - ==> Parameters: dengjie(String)
2025-03-31 21:59:25 [http-nio-8000-exec-2] DEBUG c.i.p.m.SystemUserMapper.selectList - <==      Total: 1
2025-03-31 22:00:08 [http-nio-8000-exec-3] DEBUG c.i.p.m.SystemUserMapper.selectList - ==>  Preparing: SELECT id,username,password,user_type,member_id FROM system_user WHERE (username = ?)
2025-03-31 22:00:08 [http-nio-8000-exec-3] DEBUG c.i.p.m.SystemUserMapper.selectList - ==> Parameters: dengjie(String)
2025-03-31 22:00:08 [http-nio-8000-exec-3] DEBUG c.i.p.m.SystemUserMapper.selectList - <==      Total: 1
2025-03-31 22:00:32 [http-nio-8000-exec-8] DEBUG c.i.p.m.SystemUserMapper.selectList - ==>  Preparing: SELECT id,username,password,user_type,member_id FROM system_user WHERE (username = ?)
2025-03-31 22:00:32 [http-nio-8000-exec-8] DEBUG c.i.p.m.SystemUserMapper.selectList - ==> Parameters: dengjie(String)
2025-03-31 22:00:32 [http-nio-8000-exec-8] DEBUG c.i.p.m.SystemUserMapper.selectList - <==      Total: 1
2025-03-31 22:00:55 [http-nio-8000-exec-5] DEBUG c.i.p.m.SystemUserMapper.selectList - ==>  Preparing: SELECT id,username,password,user_type,member_id FROM system_user WHERE (username = ?)
2025-03-31 22:00:55 [http-nio-8000-exec-5] DEBUG c.i.p.m.SystemUserMapper.selectList - ==> Parameters: dengjie(String)
2025-03-31 22:00:55 [http-nio-8000-exec-5] DEBUG c.i.p.m.SystemUserMapper.selectList - <==      Total: 1
2025-03-31 22:01:11 [http-nio-8000-exec-7] DEBUG c.i.p.m.SystemUserMapper.selectList - ==>  Preparing: SELECT id,username,password,user_type,member_id FROM system_user WHERE (username = ?)
2025-03-31 22:01:11 [http-nio-8000-exec-7] DEBUG c.i.p.m.SystemUserMapper.selectList - ==> Parameters: dengjie(String)
2025-03-31 22:01:11 [http-nio-8000-exec-7] DEBUG c.i.p.m.SystemUserMapper.selectList - <==      Total: 1
2025-03-31 22:01:47 [http-nio-8000-exec-4] DEBUG c.i.p.m.SystemUserMapper.selectList - ==>  Preparing: SELECT id,username,password,user_type,member_id FROM system_user WHERE (username = ?)
2025-03-31 22:01:47 [http-nio-8000-exec-4] DEBUG c.i.p.m.SystemUserMapper.selectList - ==> Parameters: dengjie(String)
2025-03-31 22:01:47 [http-nio-8000-exec-4] DEBUG c.i.p.m.SystemUserMapper.selectList - <==      Total: 1
2025-03-31 22:02:03 [http-nio-8000-exec-9] DEBUG c.i.p.m.SystemUserMapper.selectList - ==>  Preparing: SELECT id,username,password,user_type,member_id FROM system_user WHERE (username = ?)
2025-03-31 22:02:03 [http-nio-8000-exec-9] DEBUG c.i.p.m.SystemUserMapper.selectList - ==> Parameters: dengjie(String)
2025-03-31 22:02:03 [http-nio-8000-exec-9] DEBUG c.i.p.m.SystemUserMapper.selectList - <==      Total: 1
2025-03-31 22:02:44 [http-nio-8000-exec-10] DEBUG c.i.p.m.SystemUserMapper.selectList - ==>  Preparing: SELECT id,username,password,user_type,member_id FROM system_user WHERE (username = ?)
2025-03-31 22:02:44 [http-nio-8000-exec-10] DEBUG c.i.p.m.SystemUserMapper.selectList - ==> Parameters: dengjie(String)
2025-03-31 22:02:44 [http-nio-8000-exec-10] DEBUG c.i.p.m.SystemUserMapper.selectList - <==      Total: 1
2025-03-31 22:02:47 [http-nio-8000-exec-6] DEBUG c.i.p.m.SystemUserMapper.selectList - ==>  Preparing: SELECT id,username,password,user_type,member_id FROM system_user WHERE (username = ?)
2025-03-31 22:02:47 [http-nio-8000-exec-6] DEBUG c.i.p.m.SystemUserMapper.selectList - ==> Parameters: dengjie(String)
2025-03-31 22:02:47 [http-nio-8000-exec-6] DEBUG c.i.p.m.SystemUserMapper.selectList - <==      Total: 1
2025-03-31 22:02:56 [http-nio-8000-exec-1] DEBUG c.i.p.m.SystemUserMapper.selectList - ==>  Preparing: SELECT id,username,password,user_type,member_id FROM system_user WHERE (username = ?)
2025-03-31 22:02:56 [http-nio-8000-exec-1] DEBUG c.i.p.m.SystemUserMapper.selectList - ==> Parameters: dengjie(String)
2025-03-31 22:02:56 [http-nio-8000-exec-1] DEBUG c.i.p.m.SystemUserMapper.selectList - <==      Total: 1
2025-03-31 22:04:34 [http-nio-8000-exec-2] DEBUG c.i.p.m.SystemUserMapper.selectList - ==>  Preparing: SELECT id,username,password,user_type,member_id FROM system_user WHERE (username = ?)
2025-03-31 22:04:34 [http-nio-8000-exec-2] DEBUG c.i.p.m.SystemUserMapper.selectList - ==> Parameters: dengjie(String)
2025-03-31 22:04:34 [http-nio-8000-exec-2] DEBUG c.i.p.m.SystemUserMapper.selectList - <==      Total: 1
2025-03-31 22:05:01 [http-nio-8000-exec-3] DEBUG c.i.p.m.SystemUserMapper.selectList - ==>  Preparing: SELECT id,username,password,user_type,member_id FROM system_user WHERE (username = ?)
2025-03-31 22:05:01 [http-nio-8000-exec-3] DEBUG c.i.p.m.SystemUserMapper.selectList - ==> Parameters: dengjie(String)
2025-03-31 22:05:01 [http-nio-8000-exec-3] DEBUG c.i.p.m.SystemUserMapper.selectList - <==      Total: 1
2025-03-31 22:06:43 [http-nio-8000-exec-8] DEBUG c.i.p.m.SystemUserMapper.selectList - ==>  Preparing: SELECT id,username,password,user_type,member_id FROM system_user WHERE (username = ?)
2025-03-31 22:06:43 [http-nio-8000-exec-8] DEBUG c.i.p.m.SystemUserMapper.selectList - ==> Parameters: dengjie(String)
2025-03-31 22:06:43 [http-nio-8000-exec-8] DEBUG c.i.p.m.SystemUserMapper.selectList - <==      Total: 1
2025-03-31 22:07:23 [http-nio-8000-exec-5] DEBUG c.i.p.m.SystemUserMapper.selectList - ==>  Preparing: SELECT id,username,password,user_type,member_id FROM system_user WHERE (username = ?)
2025-03-31 22:07:23 [http-nio-8000-exec-5] DEBUG c.i.p.m.SystemUserMapper.selectList - ==> Parameters: dengjie(String)
2025-03-31 22:07:23 [http-nio-8000-exec-5] DEBUG c.i.p.m.SystemUserMapper.selectList - <==      Total: 1
2025-03-31 22:07:37 [http-nio-8000-exec-7] DEBUG c.i.p.m.SystemUserMapper.selectList - ==>  Preparing: SELECT id,username,password,user_type,member_id FROM system_user WHERE (username = ?)
2025-03-31 22:07:37 [http-nio-8000-exec-7] DEBUG c.i.p.m.SystemUserMapper.selectList - ==> Parameters: dengjie(String)
2025-03-31 22:07:37 [http-nio-8000-exec-7] DEBUG c.i.p.m.SystemUserMapper.selectList - <==      Total: 1
2025-03-31 22:08:00 [http-nio-8000-exec-4] DEBUG c.i.p.m.SystemUserMapper.selectList - ==>  Preparing: SELECT id,username,password,user_type,member_id FROM system_user WHERE (username = ?)
2025-03-31 22:08:00 [http-nio-8000-exec-4] DEBUG c.i.p.m.SystemUserMapper.selectList - ==> Parameters: dengjie(String)
2025-03-31 22:08:00 [http-nio-8000-exec-4] DEBUG c.i.p.m.SystemUserMapper.selectList - <==      Total: 1
2025-03-31 22:08:11 [http-nio-8000-exec-9] DEBUG c.i.p.m.SystemUserMapper.selectList - ==>  Preparing: SELECT id,username,password,user_type,member_id FROM system_user WHERE (username = ?)
2025-03-31 22:08:11 [http-nio-8000-exec-9] DEBUG c.i.p.m.SystemUserMapper.selectList - ==> Parameters: dengjie(String)
2025-03-31 22:08:11 [http-nio-8000-exec-9] DEBUG c.i.p.m.SystemUserMapper.selectList - <==      Total: 1
2025-03-31 22:08:44 [http-nio-8000-exec-10] DEBUG c.i.p.m.SystemUserMapper.selectList - ==>  Preparing: SELECT id,username,password,user_type,member_id FROM system_user WHERE (username = ?)
2025-03-31 22:08:44 [http-nio-8000-exec-10] DEBUG c.i.p.m.SystemUserMapper.selectList - ==> Parameters: dengjie(String)
2025-03-31 22:08:44 [http-nio-8000-exec-10] DEBUG c.i.p.m.SystemUserMapper.selectList - <==      Total: 1
2025-03-31 22:14:10 [http-nio-8000-exec-6] DEBUG c.i.p.m.SystemUserMapper.selectList - ==>  Preparing: SELECT id,username,password,user_type,member_id FROM system_user WHERE (username = ?)
2025-03-31 22:14:10 [http-nio-8000-exec-6] DEBUG c.i.p.m.SystemUserMapper.selectList - ==> Parameters: dengjie(String)
2025-03-31 22:14:10 [http-nio-8000-exec-6] DEBUG c.i.p.m.SystemUserMapper.selectList - <==      Total: 1
2025-03-31 22:14:27 [http-nio-8000-exec-1] DEBUG c.i.p.m.SystemUserMapper.selectList - ==>  Preparing: SELECT id,username,password,user_type,member_id FROM system_user WHERE (username = ?)
2025-03-31 22:14:27 [http-nio-8000-exec-1] DEBUG c.i.p.m.SystemUserMapper.selectList - ==> Parameters: dengjie(String)
2025-03-31 22:14:27 [http-nio-8000-exec-1] DEBUG c.i.p.m.SystemUserMapper.selectList - <==      Total: 1
2025-03-31 22:14:48 [http-nio-8000-exec-2] DEBUG c.i.p.m.P.selectPartyMembersWithProvince_mpCount - ==>  Preparing: SELECT COUNT(*) AS total FROM party_member pm
2025-03-31 22:14:48 [http-nio-8000-exec-2] DEBUG c.i.p.m.P.selectPartyMembersWithProvince_mpCount - ==> Parameters: 
2025-03-31 22:14:48 [http-nio-8000-exec-2] DEBUG c.i.p.m.P.selectPartyMembersWithProvince_mpCount - <==      Total: 1
2025-03-31 22:14:48 [http-nio-8000-exec-2] DEBUG c.i.p.m.P.selectPartyMembersWithProvince - ==>  Preparing: SELECT pm.id, pm.name, pm.gender, pm.age, pm.join_party_time, pm.phone, pm.email, pm.organization_type, p.province_name FROM party_member pm LEFT JOIN province p ON pm.province_id = p.id LIMIT ?
2025-03-31 22:14:48 [http-nio-8000-exec-2] DEBUG c.i.p.m.P.selectPartyMembersWithProvince - ==> Parameters: 10(Long)
2025-03-31 22:14:48 [http-nio-8000-exec-2] DEBUG c.i.p.m.P.selectPartyMembersWithProvince - <==      Total: 1
2025-03-31 22:15:38 [http-nio-8000-exec-3] DEBUG c.i.p.m.P.selectPartyMembersWithProvince_mpCount - ==>  Preparing: SELECT COUNT(*) AS total FROM party_member pm
2025-03-31 22:15:38 [http-nio-8000-exec-3] DEBUG c.i.p.m.P.selectPartyMembersWithProvince_mpCount - ==> Parameters: 
2025-03-31 22:15:38 [http-nio-8000-exec-3] DEBUG c.i.p.m.P.selectPartyMembersWithProvince_mpCount - <==      Total: 1
2025-03-31 22:15:38 [http-nio-8000-exec-3] DEBUG c.i.p.m.P.selectPartyMembersWithProvince - ==>  Preparing: SELECT pm.id, pm.name, pm.gender, pm.age, pm.join_party_time, pm.phone, pm.email, pm.organization_type, p.province_name FROM party_member pm LEFT JOIN province p ON pm.province_id = p.id LIMIT ?
2025-03-31 22:15:38 [http-nio-8000-exec-3] DEBUG c.i.p.m.P.selectPartyMembersWithProvince - ==> Parameters: 10(Long)
2025-03-31 22:15:38 [http-nio-8000-exec-3] DEBUG c.i.p.m.P.selectPartyMembersWithProvince - <==      Total: 1
2025-03-31 22:15:44 [http-nio-8000-exec-8] DEBUG c.i.p.m.SystemUserMapper.selectList - ==>  Preparing: SELECT id,username,password,user_type,member_id FROM system_user WHERE (username = ?)
2025-03-31 22:15:44 [http-nio-8000-exec-8] DEBUG c.i.p.m.SystemUserMapper.selectList - ==> Parameters: dengjie(String)
2025-03-31 22:15:44 [http-nio-8000-exec-8] DEBUG c.i.p.m.SystemUserMapper.selectList - <==      Total: 1
2025-03-31 22:16:38 [http-nio-8000-exec-5] DEBUG c.i.p.m.SystemUserMapper.selectList - ==>  Preparing: SELECT id,username,password,user_type,member_id FROM system_user WHERE (username = ?)
2025-03-31 22:16:38 [http-nio-8000-exec-5] DEBUG c.i.p.m.SystemUserMapper.selectList - ==> Parameters: dengjie(String)
2025-03-31 22:16:38 [http-nio-8000-exec-5] DEBUG c.i.p.m.SystemUserMapper.selectList - <==      Total: 1
2025-03-31 22:17:04 [http-nio-8000-exec-7] DEBUG c.i.p.m.SystemUserMapper.selectList - ==>  Preparing: SELECT id,username,password,user_type,member_id FROM system_user WHERE (username = ?)
2025-03-31 22:17:04 [http-nio-8000-exec-7] DEBUG c.i.p.m.SystemUserMapper.selectList - ==> Parameters: dengjie(String)
2025-03-31 22:17:04 [http-nio-8000-exec-7] DEBUG c.i.p.m.SystemUserMapper.selectList - <==      Total: 1
2025-03-31 22:18:43 [http-nio-8000-exec-4] DEBUG c.i.p.m.SystemUserMapper.selectList - ==>  Preparing: SELECT id,username,password,user_type,member_id FROM system_user WHERE (username = ?)
2025-03-31 22:18:43 [http-nio-8000-exec-4] DEBUG c.i.p.m.SystemUserMapper.selectList - ==> Parameters: dengjie(String)
2025-03-31 22:18:43 [http-nio-8000-exec-4] DEBUG c.i.p.m.SystemUserMapper.selectList - <==      Total: 1
2025-03-31 22:18:48 [http-nio-8000-exec-9] DEBUG c.i.p.m.P.selectPartyMembersWithProvince_mpCount - ==>  Preparing: SELECT COUNT(*) AS total FROM party_member pm
2025-03-31 22:18:48 [http-nio-8000-exec-9] DEBUG c.i.p.m.P.selectPartyMembersWithProvince_mpCount - ==> Parameters: 
2025-03-31 22:18:48 [http-nio-8000-exec-9] DEBUG c.i.p.m.P.selectPartyMembersWithProvince_mpCount - <==      Total: 1
2025-03-31 22:18:48 [http-nio-8000-exec-9] DEBUG c.i.p.m.P.selectPartyMembersWithProvince - ==>  Preparing: SELECT pm.id, pm.name, pm.gender, pm.age, pm.join_party_time, pm.phone, pm.email, pm.organization_type, p.province_name FROM party_member pm LEFT JOIN province p ON pm.province_id = p.id LIMIT ?
2025-03-31 22:18:48 [http-nio-8000-exec-9] DEBUG c.i.p.m.P.selectPartyMembersWithProvince - ==> Parameters: 10(Long)
2025-03-31 22:18:48 [http-nio-8000-exec-9] DEBUG c.i.p.m.P.selectPartyMembersWithProvince - <==      Total: 1
2025-03-31 22:22:25 [http-nio-8000-exec-10] DEBUG c.i.p.m.P.selectPartyMembersWithProvince_mpCount - ==>  Preparing: SELECT COUNT(*) AS total FROM party_member pm
2025-03-31 22:22:25 [http-nio-8000-exec-10] DEBUG c.i.p.m.P.selectPartyMembersWithProvince_mpCount - ==> Parameters: 
2025-03-31 22:22:25 [http-nio-8000-exec-10] DEBUG c.i.p.m.P.selectPartyMembersWithProvince_mpCount - <==      Total: 1
2025-03-31 22:22:25 [http-nio-8000-exec-10] DEBUG c.i.p.m.P.selectPartyMembersWithProvince - ==>  Preparing: SELECT pm.id, pm.name, pm.gender, pm.age, pm.join_party_time, pm.phone, pm.email, pm.organization_type, p.province_name FROM party_member pm LEFT JOIN province p ON pm.province_id = p.id LIMIT ?
2025-03-31 22:22:25 [http-nio-8000-exec-10] DEBUG c.i.p.m.P.selectPartyMembersWithProvince - ==> Parameters: 10(Long)
2025-03-31 22:22:25 [http-nio-8000-exec-10] DEBUG c.i.p.m.P.selectPartyMembersWithProvince - <==      Total: 1
2025-03-31 22:30:09 [http-nio-8000-exec-6] DEBUG c.i.p.m.P.selectPartyMembersWithProvince_mpCount - ==>  Preparing: SELECT COUNT(*) AS total FROM party_member pm
2025-03-31 22:30:09 [http-nio-8000-exec-6] DEBUG c.i.p.m.P.selectPartyMembersWithProvince_mpCount - ==> Parameters: 
2025-03-31 22:30:09 [http-nio-8000-exec-6] DEBUG c.i.p.m.P.selectPartyMembersWithProvince_mpCount - <==      Total: 1
2025-03-31 22:30:09 [http-nio-8000-exec-6] DEBUG c.i.p.m.P.selectPartyMembersWithProvince - ==>  Preparing: SELECT pm.id, pm.name, pm.gender, pm.age, pm.join_party_time, pm.phone, pm.email, pm.organization_type, p.province_name FROM party_member pm LEFT JOIN province p ON pm.province_id = p.id LIMIT ?
2025-03-31 22:30:09 [http-nio-8000-exec-6] DEBUG c.i.p.m.P.selectPartyMembersWithProvince - ==> Parameters: 10(Long)
2025-03-31 22:30:09 [http-nio-8000-exec-6] DEBUG c.i.p.m.P.selectPartyMembersWithProvince - <==      Total: 1
2025-03-31 22:34:28 [http-nio-8000-exec-1] DEBUG c.i.p.m.P.selectPartyMembersWithProvince_mpCount - ==>  Preparing: SELECT COUNT(*) AS total FROM party_member pm
2025-03-31 22:34:28 [http-nio-8000-exec-1] DEBUG c.i.p.m.P.selectPartyMembersWithProvince_mpCount - ==> Parameters: 
2025-03-31 22:34:28 [http-nio-8000-exec-1] DEBUG c.i.p.m.P.selectPartyMembersWithProvince_mpCount - <==      Total: 1
2025-03-31 22:34:28 [http-nio-8000-exec-1] DEBUG c.i.p.m.P.selectPartyMembersWithProvince - ==>  Preparing: SELECT pm.id, pm.name, pm.gender, pm.age, pm.join_party_time, pm.phone, pm.email, pm.organization_type, p.province_name FROM party_member pm LEFT JOIN province p ON pm.province_id = p.id LIMIT ?
2025-03-31 22:34:28 [http-nio-8000-exec-1] DEBUG c.i.p.m.P.selectPartyMembersWithProvince - ==> Parameters: 10(Long)
2025-03-31 22:34:28 [http-nio-8000-exec-1] DEBUG c.i.p.m.P.selectPartyMembersWithProvince - <==      Total: 1
2025-03-31 22:37:18 [http-nio-8000-exec-2] DEBUG c.i.p.m.P.selectPartyMembersWithProvince_mpCount - ==>  Preparing: SELECT COUNT(*) AS total FROM party_member pm
2025-03-31 22:37:18 [http-nio-8000-exec-2] DEBUG c.i.p.m.P.selectPartyMembersWithProvince_mpCount - ==> Parameters: 
2025-03-31 22:37:18 [http-nio-8000-exec-2] DEBUG c.i.p.m.P.selectPartyMembersWithProvince_mpCount - <==      Total: 1
2025-03-31 22:37:18 [http-nio-8000-exec-2] DEBUG c.i.p.m.P.selectPartyMembersWithProvince - ==>  Preparing: SELECT pm.id, pm.name, pm.gender, pm.age, pm.join_party_time, pm.phone, pm.email, pm.organization_type, p.province_name FROM party_member pm LEFT JOIN province p ON pm.province_id = p.id LIMIT ?
2025-03-31 22:37:18 [http-nio-8000-exec-2] DEBUG c.i.p.m.P.selectPartyMembersWithProvince - ==> Parameters: 10(Long)
2025-03-31 22:37:18 [http-nio-8000-exec-2] DEBUG c.i.p.m.P.selectPartyMembersWithProvince - <==      Total: 1
2025-03-31 22:37:45 [http-nio-8000-exec-3] DEBUG c.i.p.m.P.selectPartyMembersWithProvince_mpCount - ==>  Preparing: SELECT COUNT(*) AS total FROM party_member pm
2025-03-31 22:37:45 [http-nio-8000-exec-3] DEBUG c.i.p.m.P.selectPartyMembersWithProvince_mpCount - ==> Parameters: 
2025-03-31 22:37:45 [http-nio-8000-exec-3] DEBUG c.i.p.m.P.selectPartyMembersWithProvince_mpCount - <==      Total: 1
2025-03-31 22:37:45 [http-nio-8000-exec-3] DEBUG c.i.p.m.P.selectPartyMembersWithProvince - ==>  Preparing: SELECT pm.id, pm.name, pm.gender, pm.age, pm.join_party_time, pm.phone, pm.email, pm.organization_type, p.province_name FROM party_member pm LEFT JOIN province p ON pm.province_id = p.id LIMIT ?
2025-03-31 22:37:45 [http-nio-8000-exec-3] DEBUG c.i.p.m.P.selectPartyMembersWithProvince - ==> Parameters: 10(Long)
2025-03-31 22:37:45 [http-nio-8000-exec-3] DEBUG c.i.p.m.P.selectPartyMembersWithProvince - <==      Total: 1
2025-03-31 22:38:05 [http-nio-8000-exec-8] DEBUG c.i.p.m.P.selectPartyMembersWithProvince_mpCount - ==>  Preparing: SELECT COUNT(*) AS total FROM party_member pm
2025-03-31 22:38:05 [http-nio-8000-exec-8] DEBUG c.i.p.m.P.selectPartyMembersWithProvince_mpCount - ==> Parameters: 
2025-03-31 22:38:05 [http-nio-8000-exec-8] DEBUG c.i.p.m.P.selectPartyMembersWithProvince_mpCount - <==      Total: 1
2025-03-31 22:38:05 [http-nio-8000-exec-8] DEBUG c.i.p.m.P.selectPartyMembersWithProvince - ==>  Preparing: SELECT pm.id, pm.name, pm.gender, pm.age, pm.join_party_time, pm.phone, pm.email, pm.organization_type, p.province_name FROM party_member pm LEFT JOIN province p ON pm.province_id = p.id LIMIT ?
2025-03-31 22:38:05 [http-nio-8000-exec-8] DEBUG c.i.p.m.P.selectPartyMembersWithProvince - ==> Parameters: 10(Long)
2025-03-31 22:38:05 [http-nio-8000-exec-8] DEBUG c.i.p.m.P.selectPartyMembersWithProvince - <==      Total: 1
2025-03-31 22:38:08 [http-nio-8000-exec-5] DEBUG c.i.p.m.PartyMemberMapper.updateById - ==>  Preparing: UPDATE party_member SET name=?, gender=?, age=?, join_party_time=?, phone=?, email=?, organization_type=? WHERE id=?
2025-03-31 22:38:08 [http-nio-8000-exec-5] DEBUG c.i.p.m.PartyMemberMapper.updateById - ==> Parameters: 马张三(String), 男(String), 21(Integer), 2010-07-31 08:00:00.0(Timestamp), 13155815823(String), z.empqtqwnsj@qq.com(String), 机关(String), 2(Integer)
2025-03-31 22:38:08 [http-nio-8000-exec-5] DEBUG c.i.p.m.PartyMemberMapper.updateById - <==    Updates: 1
2025-03-31 22:38:08 [http-nio-8000-exec-7] DEBUG c.i.p.m.P.selectPartyMembersWithProvince_mpCount - ==>  Preparing: SELECT COUNT(*) AS total FROM party_member pm
2025-03-31 22:38:08 [http-nio-8000-exec-7] DEBUG c.i.p.m.P.selectPartyMembersWithProvince_mpCount - ==> Parameters: 
2025-03-31 22:38:08 [http-nio-8000-exec-7] DEBUG c.i.p.m.P.selectPartyMembersWithProvince_mpCount - <==      Total: 1
2025-03-31 22:38:08 [http-nio-8000-exec-7] DEBUG c.i.p.m.P.selectPartyMembersWithProvince - ==>  Preparing: SELECT pm.id, pm.name, pm.gender, pm.age, pm.join_party_time, pm.phone, pm.email, pm.organization_type, p.province_name FROM party_member pm LEFT JOIN province p ON pm.province_id = p.id LIMIT ?
2025-03-31 22:38:08 [http-nio-8000-exec-7] DEBUG c.i.p.m.P.selectPartyMembersWithProvince - ==> Parameters: 10(Long)
2025-03-31 22:38:08 [http-nio-8000-exec-7] DEBUG c.i.p.m.P.selectPartyMembersWithProvince - <==      Total: 1
2025-03-31 22:38:15 [http-nio-8000-exec-4] DEBUG c.i.p.m.PartyMemberMapper.updateById - ==>  Preparing: UPDATE party_member SET name=?, gender=?, age=?, join_party_time=?, phone=?, email=?, organization_type=? WHERE id=?
2025-03-31 22:38:15 [http-nio-8000-exec-4] DEBUG c.i.p.m.PartyMemberMapper.updateById - ==> Parameters: 马张三(String), 男(String), 21(Integer), 2010-07-30 08:00:00.0(Timestamp), 13155815823(String), 2453653328@qq.com(String), 机关(String), 2(Integer)
2025-03-31 22:38:15 [http-nio-8000-exec-4] DEBUG c.i.p.m.PartyMemberMapper.updateById - <==    Updates: 1
2025-03-31 22:38:16 [http-nio-8000-exec-9] DEBUG c.i.p.m.P.selectPartyMembersWithProvince_mpCount - ==>  Preparing: SELECT COUNT(*) AS total FROM party_member pm
2025-03-31 22:38:16 [http-nio-8000-exec-9] DEBUG c.i.p.m.P.selectPartyMembersWithProvince_mpCount - ==> Parameters: 
2025-03-31 22:38:16 [http-nio-8000-exec-9] DEBUG c.i.p.m.P.selectPartyMembersWithProvince_mpCount - <==      Total: 1
2025-03-31 22:38:16 [http-nio-8000-exec-9] DEBUG c.i.p.m.P.selectPartyMembersWithProvince - ==>  Preparing: SELECT pm.id, pm.name, pm.gender, pm.age, pm.join_party_time, pm.phone, pm.email, pm.organization_type, p.province_name FROM party_member pm LEFT JOIN province p ON pm.province_id = p.id LIMIT ?
2025-03-31 22:38:16 [http-nio-8000-exec-9] DEBUG c.i.p.m.P.selectPartyMembersWithProvince - ==> Parameters: 10(Long)
2025-03-31 22:38:16 [http-nio-8000-exec-9] DEBUG c.i.p.m.P.selectPartyMembersWithProvince - <==      Total: 1
2025-03-31 22:38:29 [http-nio-8000-exec-10] DEBUG c.i.p.m.PartyMemberMapper.updateById - ==>  Preparing: UPDATE party_member SET name=?, gender=?, age=?, join_party_time=?, phone=?, email=?, organization_type=? WHERE id=?
2025-03-31 22:38:29 [http-nio-8000-exec-10] DEBUG c.i.p.m.PartyMemberMapper.updateById - ==> Parameters: 马张三(String), 男(String), 21(Integer), 2010-07-29 08:00:00.0(Timestamp), 13155815823(String), 2453653328@qq.com(String), 党总支(String), 2(Integer)
2025-03-31 22:38:29 [http-nio-8000-exec-10] DEBUG c.i.p.m.PartyMemberMapper.updateById - <==    Updates: 1
2025-03-31 22:38:30 [http-nio-8000-exec-6] DEBUG c.i.p.m.P.selectPartyMembersWithProvince_mpCount - ==>  Preparing: SELECT COUNT(*) AS total FROM party_member pm
2025-03-31 22:38:30 [http-nio-8000-exec-6] DEBUG c.i.p.m.P.selectPartyMembersWithProvince_mpCount - ==> Parameters: 
2025-03-31 22:38:30 [http-nio-8000-exec-6] DEBUG c.i.p.m.P.selectPartyMembersWithProvince_mpCount - <==      Total: 1
2025-03-31 22:38:30 [http-nio-8000-exec-6] DEBUG c.i.p.m.P.selectPartyMembersWithProvince - ==>  Preparing: SELECT pm.id, pm.name, pm.gender, pm.age, pm.join_party_time, pm.phone, pm.email, pm.organization_type, p.province_name FROM party_member pm LEFT JOIN province p ON pm.province_id = p.id LIMIT ?
2025-03-31 22:38:30 [http-nio-8000-exec-6] DEBUG c.i.p.m.P.selectPartyMembersWithProvince - ==> Parameters: 10(Long)
2025-03-31 22:38:30 [http-nio-8000-exec-6] DEBUG c.i.p.m.P.selectPartyMembersWithProvince - <==      Total: 1
2025-03-31 22:38:46 [http-nio-8000-exec-1] DEBUG c.i.p.m.PartyMemberMapper.updateById - ==>  Preparing: UPDATE party_member SET name=?, gender=?, age=?, join_party_time=?, phone=?, email=?, organization_type=? WHERE id=?
2025-03-31 22:38:46 [http-nio-8000-exec-1] DEBUG c.i.p.m.PartyMemberMapper.updateById - ==> Parameters: sadas(String), 男(String), 21(Integer), 2010-07-28 08:00:00.0(Timestamp), 13155815823(String), 2453653328@qq.com(String), 党总支(String), 2(Integer)
2025-03-31 22:38:46 [http-nio-8000-exec-1] DEBUG c.i.p.m.PartyMemberMapper.updateById - <==    Updates: 1
2025-03-31 22:38:46 [http-nio-8000-exec-2] DEBUG c.i.p.m.P.selectPartyMembersWithProvince_mpCount - ==>  Preparing: SELECT COUNT(*) AS total FROM party_member pm
2025-03-31 22:38:46 [http-nio-8000-exec-2] DEBUG c.i.p.m.P.selectPartyMembersWithProvince_mpCount - ==> Parameters: 
2025-03-31 22:38:46 [http-nio-8000-exec-2] DEBUG c.i.p.m.P.selectPartyMembersWithProvince_mpCount - <==      Total: 1
2025-03-31 22:38:46 [http-nio-8000-exec-2] DEBUG c.i.p.m.P.selectPartyMembersWithProvince - ==>  Preparing: SELECT pm.id, pm.name, pm.gender, pm.age, pm.join_party_time, pm.phone, pm.email, pm.organization_type, p.province_name FROM party_member pm LEFT JOIN province p ON pm.province_id = p.id LIMIT ?
2025-03-31 22:38:46 [http-nio-8000-exec-2] DEBUG c.i.p.m.P.selectPartyMembersWithProvince - ==> Parameters: 10(Long)
2025-03-31 22:38:46 [http-nio-8000-exec-2] DEBUG c.i.p.m.P.selectPartyMembersWithProvince - <==      Total: 1
2025-03-31 22:39:16 [http-nio-8000-exec-3] DEBUG c.i.p.m.PartyMemberMapper.updateById - ==>  Preparing: UPDATE party_member SET name=?, gender=?, age=?, join_party_time=?, phone=?, email=?, organization_type=? WHERE id=?
2025-03-31 22:39:16 [http-nio-8000-exec-3] DEBUG c.i.p.m.PartyMemberMapper.updateById - ==> Parameters: 张三(String), 男(String), 21(Integer), 2010-07-28 08:00:00.0(Timestamp), 13155815823(String), 2453653328@qq.com(String), 党总支(String), 2(Integer)
2025-03-31 22:39:16 [http-nio-8000-exec-3] DEBUG c.i.p.m.PartyMemberMapper.updateById - <==    Updates: 1
2025-03-31 22:39:16 [http-nio-8000-exec-8] DEBUG c.i.p.m.P.selectPartyMembersWithProvince_mpCount - ==>  Preparing: SELECT COUNT(*) AS total FROM party_member pm
2025-03-31 22:39:16 [http-nio-8000-exec-8] DEBUG c.i.p.m.P.selectPartyMembersWithProvince_mpCount - ==> Parameters: 
2025-03-31 22:39:16 [http-nio-8000-exec-8] DEBUG c.i.p.m.P.selectPartyMembersWithProvince_mpCount - <==      Total: 1
2025-03-31 22:39:16 [http-nio-8000-exec-8] DEBUG c.i.p.m.P.selectPartyMembersWithProvince - ==>  Preparing: SELECT pm.id, pm.name, pm.gender, pm.age, pm.join_party_time, pm.phone, pm.email, pm.organization_type, p.province_name FROM party_member pm LEFT JOIN province p ON pm.province_id = p.id LIMIT ?
2025-03-31 22:39:16 [http-nio-8000-exec-8] DEBUG c.i.p.m.P.selectPartyMembersWithProvince - ==> Parameters: 10(Long)
2025-03-31 22:39:16 [http-nio-8000-exec-8] DEBUG c.i.p.m.P.selectPartyMembersWithProvince - <==      Total: 1
2025-03-31 22:42:51 [http-nio-8000-exec-5] DEBUG c.i.p.m.P.selectPartyMembersWithProvince_mpCount - ==>  Preparing: SELECT COUNT(*) AS total FROM party_member pm
2025-03-31 22:42:51 [http-nio-8000-exec-5] DEBUG c.i.p.m.P.selectPartyMembersWithProvince_mpCount - ==> Parameters: 
2025-03-31 22:42:51 [http-nio-8000-exec-5] DEBUG c.i.p.m.P.selectPartyMembersWithProvince_mpCount - <==      Total: 1
2025-03-31 22:42:51 [http-nio-8000-exec-5] DEBUG c.i.p.m.P.selectPartyMembersWithProvince - ==>  Preparing: SELECT pm.id, pm.name, pm.gender, pm.age, pm.join_party_time, pm.phone, pm.email, pm.organization_type, p.province_name FROM party_member pm LEFT JOIN province p ON pm.province_id = p.id LIMIT ?
2025-03-31 22:42:51 [http-nio-8000-exec-5] DEBUG c.i.p.m.P.selectPartyMembersWithProvince - ==> Parameters: 10(Long)
2025-03-31 22:42:51 [http-nio-8000-exec-5] DEBUG c.i.p.m.P.selectPartyMembersWithProvince - <==      Total: 1
2025-03-31 22:43:23 [http-nio-8000-exec-7] DEBUG c.i.p.m.PartyMemberMapper.insert - ==>  Preparing: INSERT INTO party_member ( name, gender, age, join_party_time, phone, email, organization_type ) VALUES ( ?, ?, ?, ?, ?, ?, ? )
2025-03-31 22:43:23 [http-nio-8000-exec-7] DEBUG c.i.p.m.PartyMemberMapper.insert - ==> Parameters: 李四(String), 男(String), 22(Integer), 2025-03-03 08:00:00.0(Timestamp), 18173550096(String), 1948457833@qq.com(String), 党支部(String)
2025-03-31 22:43:23 [http-nio-8000-exec-4] DEBUG c.i.p.m.P.selectPartyMembersWithProvince_mpCount - ==>  Preparing: SELECT COUNT(*) AS total FROM party_member pm
2025-03-31 22:43:23 [http-nio-8000-exec-4] DEBUG c.i.p.m.P.selectPartyMembersWithProvince_mpCount - ==> Parameters: 
2025-03-31 22:43:23 [http-nio-8000-exec-4] DEBUG c.i.p.m.P.selectPartyMembersWithProvince_mpCount - <==      Total: 1
2025-03-31 22:43:23 [http-nio-8000-exec-4] DEBUG c.i.p.m.P.selectPartyMembersWithProvince - ==>  Preparing: SELECT pm.id, pm.name, pm.gender, pm.age, pm.join_party_time, pm.phone, pm.email, pm.organization_type, p.province_name FROM party_member pm LEFT JOIN province p ON pm.province_id = p.id LIMIT ?
2025-03-31 22:43:23 [http-nio-8000-exec-4] DEBUG c.i.p.m.P.selectPartyMembersWithProvince - ==> Parameters: 10(Long)
2025-03-31 22:43:23 [http-nio-8000-exec-4] DEBUG c.i.p.m.P.selectPartyMembersWithProvince - <==      Total: 1
2025-03-31 22:43:25 [http-nio-8000-exec-9] DEBUG c.i.p.m.P.selectPartyMembersWithProvince_mpCount - ==>  Preparing: SELECT COUNT(*) AS total FROM party_member pm
2025-03-31 22:43:25 [http-nio-8000-exec-9] DEBUG c.i.p.m.P.selectPartyMembersWithProvince_mpCount - ==> Parameters: 
2025-03-31 22:43:25 [http-nio-8000-exec-9] DEBUG c.i.p.m.P.selectPartyMembersWithProvince_mpCount - <==      Total: 1
2025-03-31 22:43:25 [http-nio-8000-exec-9] DEBUG c.i.p.m.P.selectPartyMembersWithProvince - ==>  Preparing: SELECT pm.id, pm.name, pm.gender, pm.age, pm.join_party_time, pm.phone, pm.email, pm.organization_type, p.province_name FROM party_member pm LEFT JOIN province p ON pm.province_id = p.id LIMIT ?
2025-03-31 22:43:25 [http-nio-8000-exec-9] DEBUG c.i.p.m.P.selectPartyMembersWithProvince - ==> Parameters: 10(Long)
2025-03-31 22:43:25 [http-nio-8000-exec-9] DEBUG c.i.p.m.P.selectPartyMembersWithProvince - <==      Total: 1
2025-03-31 22:44:58 [SpringApplicationShutdownHook] INFO  o.s.o.j.LocalContainerEntityManagerFactoryBean - Closing JPA EntityManagerFactory for persistence unit 'default'
2025-03-31 22:44:58 [SpringApplicationShutdownHook] INFO  com.zaxxer.hikari.HikariDataSource - HikariPool-1 - Shutdown initiated...
